{"timestamp":"2026-04-13T20:12:36.300850Z","level":"info","event":"Filling up the DagBag from /opt/airflow/dags/9_cronSyntaxDag.py","logger":"airflow.dag_processing.dagbag.BundleDagBag","filename":"dagbag.py","lineno":469}
{"timestamp":"2026-04-13T20:12:36.351112Z","level":"error","event":"Failed to import: /opt/airflow/dags/9_cronSyntaxDag.py","logger":"airflow.dag_processing.importers.python_importer","filename":"python_importer.py","lineno":244,"error_detail":[{"exc_type":"SyntaxError","exc_value":"invalid syntax. Perhaps you forgot a comma? (9_cronSyntaxDag.py, line 8)","exc_notes":[],"syntax_error":{"offset":37,"filename":"/opt/airflow/dags/9_cronSyntaxDag.py","line":"    schedule = CronTriggerTimetable(\"0 13 * * MON-FRI\" t),\n","lineno":8,"msg":"invalid syntax. Perhaps you forgot a comma?"},"is_cause":false,"frames":[{"filename":"/home/airflow/.local/lib/python3.13/site-packages/airflow/dag_processing/importers/python_importer.py","lineno":238,"name":"parse"},{"filename":"<frozen importlib._bootstrap_external>","lineno":1019,"name":"exec_module"},{"filename":"<frozen importlib._bootstrap_external>","lineno":1157,"name":"get_code"},{"filename":"<frozen importlib._bootstrap_external>","lineno":1087,"name":"source_to_code"},{"filename":"<frozen importlib._bootstrap>","lineno":488,"name":"_call_with_frames_removed"}],"is_group":false,"exceptions":[]}]}
{"timestamp":"2026-04-13T20:12:36.360871Z","level":"error","event":"Error loading DAG from 9_cronSyntaxDag.py: invalid syntax. Perhaps you forgot a comma? (9_cronSyntaxDag.py, line 8)","logger":"airflow.dag_processing.dagbag.BundleDagBag","filename":"dagbag.py","lineno":327}
{"timestamp":"2026-04-13T20:12:46.186085Z","level":"info","event":"Filling up the DagBag from /opt/airflow/dags/9_cronSyntaxDag.py","logger":"airflow.dag_processing.dagbag.BundleDagBag","filename":"dagbag.py","lineno":469}
{"timestamp":"2026-04-13T20:12:46.236357Z","level":"error","event":"Failed to import: /opt/airflow/dags/9_cronSyntaxDag.py","logger":"airflow.dag_processing.importers.python_importer","filename":"python_importer.py","lineno":244,"error_detail":[{"exc_type":"SyntaxError","exc_value":"invalid syntax. Perhaps you forgot a comma? (9_cronSyntaxDag.py, line 8)","exc_notes":[],"syntax_error":{"offset":37,"filename":"/opt/airflow/dags/9_cronSyntaxDag.py","line":"    schedule = CronTriggerTimetable(\"0 13 * * MON-FRI\" timezone=\"UTC\"),\n","lineno":8,"msg":"invalid syntax. Perhaps you forgot a comma?"},"is_cause":false,"frames":[{"filename":"/home/airflow/.local/lib/python3.13/site-packages/airflow/dag_processing/importers/python_importer.py","lineno":238,"name":"parse"},{"filename":"<frozen importlib._bootstrap_external>","lineno":1019,"name":"exec_module"},{"filename":"<frozen importlib._bootstrap_external>","lineno":1157,"name":"get_code"},{"filename":"<frozen importlib._bootstrap_external>","lineno":1087,"name":"source_to_code"},{"filename":"<frozen importlib._bootstrap>","lineno":488,"name":"_call_with_frames_removed"}],"is_group":false,"exceptions":[]}]}
{"timestamp":"2026-04-13T20:12:46.245268Z","level":"error","event":"Error loading DAG from 9_cronSyntaxDag.py: invalid syntax. Perhaps you forgot a comma? (9_cronSyntaxDag.py, line 8)","logger":"airflow.dag_processing.dagbag.BundleDagBag","filename":"dagbag.py","lineno":327}
{"timestamp":"2026-04-13T20:12:47.605036Z","level":"info","event":"Filling up the DagBag from /opt/airflow/dags/9_cronSyntaxDag.py","logger":"airflow.dag_processing.dagbag.BundleDagBag","filename":"dagbag.py","lineno":469}
{"timestamp":"2026-04-13T20:13:18.495779Z","level":"info","event":"Filling up the DagBag from /opt/airflow/dags/9_cronSyntaxDag.py","logger":"airflow.dag_processing.dagbag.BundleDagBag","filename":"dagbag.py","lineno":469}
{"timestamp":"2026-04-13T20:13:49.538556Z","level":"info","event":"Filling up the DagBag from /opt/airflow/dags/9_cronSyntaxDag.py","logger":"airflow.dag_processing.dagbag.BundleDagBag","filename":"dagbag.py","lineno":469}
{"timestamp":"2026-04-13T20:14:20.335429Z","level":"info","event":"Filling up the DagBag from /opt/airflow/dags/9_cronSyntaxDag.py","logger":"airflow.dag_processing.dagbag.BundleDagBag","filename":"dagbag.py","lineno":469}
{"timestamp":"2026-04-13T20:14:50.932873Z","level":"info","event":"Filling up the DagBag from /opt/airflow/dags/9_cronSyntaxDag.py","logger":"airflow.dag_processing.dagbag.BundleDagBag","filename":"dagbag.py","lineno":469}
{"timestamp":"2026-04-13T20:15:21.459608Z","level":"info","event":"Filling up the DagBag from /opt/airflow/dags/9_cronSyntaxDag.py","logger":"airflow.dag_processing.dagbag.BundleDagBag","filename":"dagbag.py","lineno":469}
{"timestamp":"2026-04-13T20:15:52.799731Z","level":"info","event":"Filling up the DagBag from /opt/airflow/dags/9_cronSyntaxDag.py","logger":"airflow.dag_processing.dagbag.BundleDagBag","filename":"dagbag.py","lineno":469}
{"timestamp":"2026-04-13T20:16:23.420428Z","level":"info","event":"Filling up the DagBag from /opt/airflow/dags/9_cronSyntaxDag.py","logger":"airflow.dag_processing.dagbag.BundleDagBag","filename":"dagbag.py","lineno":469}
{"timestamp":"2026-04-13T20:16:48.948611Z","level":"info","event":"Filling up the DagBag from /opt/airflow/dags/9_cronSyntaxDag.py","logger":"airflow.dag_processing.dagbag.BundleDagBag","filename":"dagbag.py","lineno":469}
{"timestamp":"2026-04-13T20:16:49.010445Z","level":"error","event":"Failed to import: /opt/airflow/dags/9_cronSyntaxDag.py","logger":"airflow.dag_processing.importers.python_importer","filename":"python_importer.py","lineno":244,"error_detail":[{"exc_type":"SyntaxError","exc_value":"keyword argument repeated: schedule (9_cronSyntaxDag.py, line 9)","exc_notes":[],"syntax_error":{"offset":5,"filename":"/opt/airflow/dags/9_cronSyntaxDag.py","line":"    schedule = CronTriggerTimetable(\"0 13 * * MON-FRI\", timezone=\"UTC\"),\n","lineno":9,"msg":"keyword argument repeated: schedule"},"is_cause":false,"frames":[{"filename":"/home/airflow/.local/lib/python3.13/site-packages/airflow/dag_processing/importers/python_importer.py","lineno":238,"name":"parse"},{"filename":"<frozen importlib._bootstrap_external>","lineno":1019,"name":"exec_module"},{"filename":"<frozen importlib._bootstrap_external>","lineno":1157,"name":"get_code"},{"filename":"<frozen importlib._bootstrap_external>","lineno":1087,"name":"source_to_code"},{"filename":"<frozen importlib._bootstrap>","lineno":488,"name":"_call_with_frames_removed"}],"is_group":false,"exceptions":[]}]}
{"timestamp":"2026-04-13T20:16:49.027339Z","level":"error","event":"Error loading DAG from 9_cronSyntaxDag.py: keyword argument repeated: schedule (9_cronSyntaxDag.py, line 9)","logger":"airflow.dag_processing.dagbag.BundleDagBag","filename":"dagbag.py","lineno":327}
{"timestamp":"2026-04-13T20:17:19.720188Z","level":"info","event":"Filling up the DagBag from /opt/airflow/dags/9_cronSyntaxDag.py","logger":"airflow.dag_processing.dagbag.BundleDagBag","filename":"dagbag.py","lineno":469}
{"timestamp":"2026-04-13T20:17:19.826912Z","level":"error","event":"Failed to import: /opt/airflow/dags/9_cronSyntaxDag.py","logger":"airflow.dag_processing.importers.python_importer","filename":"python_importer.py","lineno":244,"error_detail":[{"exc_type":"SyntaxError","exc_value":"keyword argument repeated: schedule (9_cronSyntaxDag.py, line 9)","exc_notes":[],"syntax_error":{"offset":5,"filename":"/opt/airflow/dags/9_cronSyntaxDag.py","line":"    schedule = CronTriggerTimetable(\"0 13 * * MON-FRI\", timezone=\"UTC\"),\n","lineno":9,"msg":"keyword argument repeated: schedule"},"is_cause":false,"frames":[{"filename":"/home/airflow/.local/lib/python3.13/site-packages/airflow/dag_processing/importers/python_importer.py","lineno":238,"name":"parse"},{"filename":"<frozen importlib._bootstrap_external>","lineno":1019,"name":"exec_module"},{"filename":"<frozen importlib._bootstrap_external>","lineno":1157,"name":"get_code"},{"filename":"<frozen importlib._bootstrap_external>","lineno":1087,"name":"source_to_code"},{"filename":"<frozen importlib._bootstrap>","lineno":488,"name":"_call_with_frames_removed"}],"is_group":false,"exceptions":[]}]}
{"timestamp":"2026-04-13T20:17:19.831815Z","level":"error","event":"Error loading DAG from 9_cronSyntaxDag.py: keyword argument repeated: schedule (9_cronSyntaxDag.py, line 9)","logger":"airflow.dag_processing.dagbag.BundleDagBag","filename":"dagbag.py","lineno":327}
{"timestamp":"2026-04-13T20:17:30.158420Z","level":"info","event":"Filling up the DagBag from /opt/airflow/dags/9_cronSyntaxDag.py","logger":"airflow.dag_processing.dagbag.BundleDagBag","filename":"dagbag.py","lineno":469}
{"timestamp":"2026-04-13T20:18:01.855500Z","level":"info","event":"Filling up the DagBag from /opt/airflow/dags/9_cronSyntaxDag.py","logger":"airflow.dag_processing.dagbag.BundleDagBag","filename":"dagbag.py","lineno":469}
{"timestamp":"2026-04-13T20:18:32.537010Z","level":"info","event":"Filling up the DagBag from /opt/airflow/dags/9_cronSyntaxDag.py","logger":"airflow.dag_processing.dagbag.BundleDagBag","filename":"dagbag.py","lineno":469}
{"timestamp":"2026-04-13T20:19:03.935580Z","level":"info","event":"Filling up the DagBag from /opt/airflow/dags/9_cronSyntaxDag.py","logger":"airflow.dag_processing.dagbag.BundleDagBag","filename":"dagbag.py","lineno":469}
{"timestamp":"2026-04-13T20:19:34.669079Z","level":"info","event":"Filling up the DagBag from /opt/airflow/dags/9_cronSyntaxDag.py","logger":"airflow.dag_processing.dagbag.BundleDagBag","filename":"dagbag.py","lineno":469}
{"timestamp":"2026-04-13T20:20:06.135929Z","level":"info","event":"Filling up the DagBag from /opt/airflow/dags/9_cronSyntaxDag.py","logger":"airflow.dag_processing.dagbag.BundleDagBag","filename":"dagbag.py","lineno":469}
{"timestamp":"2026-04-13T20:20:36.988886Z","level":"info","event":"Filling up the DagBag from /opt/airflow/dags/9_cronSyntaxDag.py","logger":"airflow.dag_processing.dagbag.BundleDagBag","filename":"dagbag.py","lineno":469}
{"timestamp":"2026-04-13T20:21:07.735085Z","level":"info","event":"Filling up the DagBag from /opt/airflow/dags/9_cronSyntaxDag.py","logger":"airflow.dag_processing.dagbag.BundleDagBag","filename":"dagbag.py","lineno":469}
{"timestamp":"2026-04-13T20:21:38.557197Z","level":"info","event":"Filling up the DagBag from /opt/airflow/dags/9_cronSyntaxDag.py","logger":"airflow.dag_processing.dagbag.BundleDagBag","filename":"dagbag.py","lineno":469}
{"timestamp":"2026-04-13T20:22:09.741621Z","level":"info","event":"Filling up the DagBag from /opt/airflow/dags/9_cronSyntaxDag.py","logger":"airflow.dag_processing.dagbag.BundleDagBag","filename":"dagbag.py","lineno":469}
{"timestamp":"2026-04-13T20:22:40.196176Z","level":"info","event":"Filling up the DagBag from /opt/airflow/dags/9_cronSyntaxDag.py","logger":"airflow.dag_processing.dagbag.BundleDagBag","filename":"dagbag.py","lineno":469}
{"timestamp":"2026-04-13T20:23:10.938296Z","level":"info","event":"Filling up the DagBag from /opt/airflow/dags/9_cronSyntaxDag.py","logger":"airflow.dag_processing.dagbag.BundleDagBag","filename":"dagbag.py","lineno":469}
{"timestamp":"2026-04-13T20:28:36.959137Z","level":"info","event":"Filling up the DagBag from /opt/airflow/dags/9_cronSyntaxDag.py","logger":"airflow.dag_processing.dagbag.BundleDagBag","filename":"dagbag.py","lineno":469}
{"timestamp":"2026-04-13T20:29:07.700812Z","level":"info","event":"Filling up the DagBag from /opt/airflow/dags/9_cronSyntaxDag.py","logger":"airflow.dag_processing.dagbag.BundleDagBag","filename":"dagbag.py","lineno":469}
{"timestamp":"2026-04-13T20:29:39.053477Z","level":"info","event":"Filling up the DagBag from /opt/airflow/dags/9_cronSyntaxDag.py","logger":"airflow.dag_processing.dagbag.BundleDagBag","filename":"dagbag.py","lineno":469}
{"timestamp":"2026-04-13T20:30:10.200239Z","level":"info","event":"Filling up the DagBag from /opt/airflow/dags/9_cronSyntaxDag.py","logger":"airflow.dag_processing.dagbag.BundleDagBag","filename":"dagbag.py","lineno":469}
{"timestamp":"2026-04-13T20:30:40.772443Z","level":"info","event":"Filling up the DagBag from /opt/airflow/dags/9_cronSyntaxDag.py","logger":"airflow.dag_processing.dagbag.BundleDagBag","filename":"dagbag.py","lineno":469}
{"timestamp":"2026-04-13T20:33:51.091113Z","level":"info","event":"Filling up the DagBag from /opt/airflow/dags/9_cronSyntaxDag.py","logger":"airflow.dag_processing.dagbag.BundleDagBag","filename":"dagbag.py","lineno":469}
{"timestamp":"2026-04-13T20:34:22.096162Z","level":"info","event":"Filling up the DagBag from /opt/airflow/dags/9_cronSyntaxDag.py","logger":"airflow.dag_processing.dagbag.BundleDagBag","filename":"dagbag.py","lineno":469}
{"timestamp":"2026-04-13T20:34:53.171352Z","level":"info","event":"Filling up the DagBag from /opt/airflow/dags/9_cronSyntaxDag.py","logger":"airflow.dag_processing.dagbag.BundleDagBag","filename":"dagbag.py","lineno":469}
{"timestamp":"2026-04-13T20:35:24.031645Z","level":"info","event":"Filling up the DagBag from /opt/airflow/dags/9_cronSyntaxDag.py","logger":"airflow.dag_processing.dagbag.BundleDagBag","filename":"dagbag.py","lineno":469}
{"timestamp":"2026-04-13T20:35:54.563758Z","level":"info","event":"Filling up the DagBag from /opt/airflow/dags/9_cronSyntaxDag.py","logger":"airflow.dag_processing.dagbag.BundleDagBag","filename":"dagbag.py","lineno":469}
{"timestamp":"2026-04-13T20:36:25.284275Z","level":"info","event":"Filling up the DagBag from /opt/airflow/dags/9_cronSyntaxDag.py","logger":"airflow.dag_processing.dagbag.BundleDagBag","filename":"dagbag.py","lineno":469}
{"timestamp":"2026-04-13T20:36:55.685645Z","level":"info","event":"Filling up the DagBag from /opt/airflow/dags/9_cronSyntaxDag.py","logger":"airflow.dag_processing.dagbag.BundleDagBag","filename":"dagbag.py","lineno":469}
{"timestamp":"2026-04-13T20:37:26.246685Z","level":"info","event":"Filling up the DagBag from /opt/airflow/dags/9_cronSyntaxDag.py","logger":"airflow.dag_processing.dagbag.BundleDagBag","filename":"dagbag.py","lineno":469}
{"timestamp":"2026-04-13T20:37:57.115232Z","level":"info","event":"Filling up the DagBag from /opt/airflow/dags/9_cronSyntaxDag.py","logger":"airflow.dag_processing.dagbag.BundleDagBag","filename":"dagbag.py","lineno":469}
{"timestamp":"2026-04-13T20:38:28.510194Z","level":"info","event":"Filling up the DagBag from /opt/airflow/dags/9_cronSyntaxDag.py","logger":"airflow.dag_processing.dagbag.BundleDagBag","filename":"dagbag.py","lineno":469}
{"timestamp":"2026-04-13T20:38:59.440984Z","level":"info","event":"Filling up the DagBag from /opt/airflow/dags/9_cronSyntaxDag.py","logger":"airflow.dag_processing.dagbag.BundleDagBag","filename":"dagbag.py","lineno":469}
{"timestamp":"2026-04-13T20:39:31.269770Z","level":"info","event":"Filling up the DagBag from /opt/airflow/dags/9_cronSyntaxDag.py","logger":"airflow.dag_processing.dagbag.BundleDagBag","filename":"dagbag.py","lineno":469}
{"timestamp":"2026-04-13T20:40:02.039046Z","level":"info","event":"Filling up the DagBag from /opt/airflow/dags/9_cronSyntaxDag.py","logger":"airflow.dag_processing.dagbag.BundleDagBag","filename":"dagbag.py","lineno":469}
{"timestamp":"2026-04-13T20:40:32.594169Z","level":"info","event":"Filling up the DagBag from /opt/airflow/dags/9_cronSyntaxDag.py","logger":"airflow.dag_processing.dagbag.BundleDagBag","filename":"dagbag.py","lineno":469}
{"timestamp":"2026-04-13T20:41:03.948610Z","level":"info","event":"Filling up the DagBag from /opt/airflow/dags/9_cronSyntaxDag.py","logger":"airflow.dag_processing.dagbag.BundleDagBag","filename":"dagbag.py","lineno":469}
{"timestamp":"2026-04-13T20:41:35.242021Z","level":"info","event":"Filling up the DagBag from /opt/airflow/dags/9_cronSyntaxDag.py","logger":"airflow.dag_processing.dagbag.BundleDagBag","filename":"dagbag.py","lineno":469}
{"timestamp":"2026-04-13T20:42:06.319787Z","level":"info","event":"Filling up the DagBag from /opt/airflow/dags/9_cronSyntaxDag.py","logger":"airflow.dag_processing.dagbag.BundleDagBag","filename":"dagbag.py","lineno":469}
{"timestamp":"2026-04-13T20:42:37.346307Z","level":"info","event":"Filling up the DagBag from /opt/airflow/dags/9_cronSyntaxDag.py","logger":"airflow.dag_processing.dagbag.BundleDagBag","filename":"dagbag.py","lineno":469}
{"timestamp":"2026-04-13T20:43:08.278519Z","level":"info","event":"Filling up the DagBag from /opt/airflow/dags/9_cronSyntaxDag.py","logger":"airflow.dag_processing.dagbag.BundleDagBag","filename":"dagbag.py","lineno":469}
{"timestamp":"2026-04-13T20:43:38.688513Z","level":"info","event":"Filling up the DagBag from /opt/airflow/dags/9_cronSyntaxDag.py","logger":"airflow.dag_processing.dagbag.BundleDagBag","filename":"dagbag.py","lineno":469}
{"timestamp":"2026-04-13T20:44:09.310298Z","level":"info","event":"Filling up the DagBag from /opt/airflow/dags/9_cronSyntaxDag.py","logger":"airflow.dag_processing.dagbag.BundleDagBag","filename":"dagbag.py","lineno":469}
{"timestamp":"2026-04-13T20:44:39.867480Z","level":"info","event":"Filling up the DagBag from /opt/airflow/dags/9_cronSyntaxDag.py","logger":"airflow.dag_processing.dagbag.BundleDagBag","filename":"dagbag.py","lineno":469}
{"timestamp":"2026-04-13T20:45:11.187132Z","level":"info","event":"Filling up the DagBag from /opt/airflow/dags/9_cronSyntaxDag.py","logger":"airflow.dag_processing.dagbag.BundleDagBag","filename":"dagbag.py","lineno":469}
{"timestamp":"2026-04-13T20:45:42.333683Z","level":"info","event":"Filling up the DagBag from /opt/airflow/dags/9_cronSyntaxDag.py","logger":"airflow.dag_processing.dagbag.BundleDagBag","filename":"dagbag.py","lineno":469}
{"timestamp":"2026-04-13T20:46:13.691226Z","level":"info","event":"Filling up the DagBag from /opt/airflow/dags/9_cronSyntaxDag.py","logger":"airflow.dag_processing.dagbag.BundleDagBag","filename":"dagbag.py","lineno":469}
{"timestamp":"2026-04-13T20:46:44.617246Z","level":"info","event":"Filling up the DagBag from /opt/airflow/dags/9_cronSyntaxDag.py","logger":"airflow.dag_processing.dagbag.BundleDagBag","filename":"dagbag.py","lineno":469}
{"timestamp":"2026-04-13T20:47:15.949293Z","level":"info","event":"Filling up the DagBag from /opt/airflow/dags/9_cronSyntaxDag.py","logger":"airflow.dag_processing.dagbag.BundleDagBag","filename":"dagbag.py","lineno":469}
{"timestamp":"2026-04-13T20:47:47.034291Z","level":"info","event":"Filling up the DagBag from /opt/airflow/dags/9_cronSyntaxDag.py","logger":"airflow.dag_processing.dagbag.BundleDagBag","filename":"dagbag.py","lineno":469}
{"timestamp":"2026-04-13T20:48:18.039846Z","level":"info","event":"Filling up the DagBag from /opt/airflow/dags/9_cronSyntaxDag.py","logger":"airflow.dag_processing.dagbag.BundleDagBag","filename":"dagbag.py","lineno":469}
{"timestamp":"2026-04-13T20:48:48.900386Z","level":"info","event":"Filling up the DagBag from /opt/airflow/dags/9_cronSyntaxDag.py","logger":"airflow.dag_processing.dagbag.BundleDagBag","filename":"dagbag.py","lineno":469}
{"timestamp":"2026-04-13T20:49:19.715811Z","level":"info","event":"Filling up the DagBag from /opt/airflow/dags/9_cronSyntaxDag.py","logger":"airflow.dag_processing.dagbag.BundleDagBag","filename":"dagbag.py","lineno":469}
{"timestamp":"2026-04-13T20:49:50.376657Z","level":"info","event":"Filling up the DagBag from /opt/airflow/dags/9_cronSyntaxDag.py","logger":"airflow.dag_processing.dagbag.BundleDagBag","filename":"dagbag.py","lineno":469}
{"timestamp":"2026-04-13T20:50:21.297958Z","level":"info","event":"Filling up the DagBag from /opt/airflow/dags/9_cronSyntaxDag.py","logger":"airflow.dag_processing.dagbag.BundleDagBag","filename":"dagbag.py","lineno":469}
{"timestamp":"2026-04-13T20:50:52.212918Z","level":"info","event":"Filling up the DagBag from /opt/airflow/dags/9_cronSyntaxDag.py","logger":"airflow.dag_processing.dagbag.BundleDagBag","filename":"dagbag.py","lineno":469}
{"timestamp":"2026-04-13T20:51:22.851045Z","level":"info","event":"Filling up the DagBag from /opt/airflow/dags/9_cronSyntaxDag.py","logger":"airflow.dag_processing.dagbag.BundleDagBag","filename":"dagbag.py","lineno":469}
{"timestamp":"2026-04-13T20:51:53.446241Z","level":"info","event":"Filling up the DagBag from /opt/airflow/dags/9_cronSyntaxDag.py","logger":"airflow.dag_processing.dagbag.BundleDagBag","filename":"dagbag.py","lineno":469}
{"timestamp":"2026-04-13T20:52:23.885058Z","level":"info","event":"Filling up the DagBag from /opt/airflow/dags/9_cronSyntaxDag.py","logger":"airflow.dag_processing.dagbag.BundleDagBag","filename":"dagbag.py","lineno":469}
{"timestamp":"2026-04-13T20:52:54.234194Z","level":"info","event":"Filling up the DagBag from /opt/airflow/dags/9_cronSyntaxDag.py","logger":"airflow.dag_processing.dagbag.BundleDagBag","filename":"dagbag.py","lineno":469}
{"timestamp":"2026-04-13T20:53:24.735896Z","level":"info","event":"Filling up the DagBag from /opt/airflow/dags/9_cronSyntaxDag.py","logger":"airflow.dag_processing.dagbag.BundleDagBag","filename":"dagbag.py","lineno":469}
{"timestamp":"2026-04-13T20:53:55.252485Z","level":"info","event":"Filling up the DagBag from /opt/airflow/dags/9_cronSyntaxDag.py","logger":"airflow.dag_processing.dagbag.BundleDagBag","filename":"dagbag.py","lineno":469}
{"timestamp":"2026-04-13T20:54:26.494385Z","level":"info","event":"Filling up the DagBag from /opt/airflow/dags/9_cronSyntaxDag.py","logger":"airflow.dag_processing.dagbag.BundleDagBag","filename":"dagbag.py","lineno":469}
{"timestamp":"2026-04-13T20:54:57.320052Z","level":"info","event":"Filling up the DagBag from /opt/airflow/dags/9_cronSyntaxDag.py","logger":"airflow.dag_processing.dagbag.BundleDagBag","filename":"dagbag.py","lineno":469}
{"timestamp":"2026-04-13T20:55:28.197794Z","level":"info","event":"Filling up the DagBag from /opt/airflow/dags/9_cronSyntaxDag.py","logger":"airflow.dag_processing.dagbag.BundleDagBag","filename":"dagbag.py","lineno":469}
{"timestamp":"2026-04-13T20:55:58.898244Z","level":"info","event":"Filling up the DagBag from /opt/airflow/dags/9_cronSyntaxDag.py","logger":"airflow.dag_processing.dagbag.BundleDagBag","filename":"dagbag.py","lineno":469}
{"timestamp":"2026-04-13T20:56:29.708718Z","level":"info","event":"Filling up the DagBag from /opt/airflow/dags/9_cronSyntaxDag.py","logger":"airflow.dag_processing.dagbag.BundleDagBag","filename":"dagbag.py","lineno":469}
{"timestamp":"2026-04-13T20:57:00.623819Z","level":"info","event":"Filling up the DagBag from /opt/airflow/dags/9_cronSyntaxDag.py","logger":"airflow.dag_processing.dagbag.BundleDagBag","filename":"dagbag.py","lineno":469}
{"timestamp":"2026-04-13T20:57:31.773552Z","level":"info","event":"Filling up the DagBag from /opt/airflow/dags/9_cronSyntaxDag.py","logger":"airflow.dag_processing.dagbag.BundleDagBag","filename":"dagbag.py","lineno":469}
{"timestamp":"2026-04-13T20:58:02.463890Z","level":"info","event":"Filling up the DagBag from /opt/airflow/dags/9_cronSyntaxDag.py","logger":"airflow.dag_processing.dagbag.BundleDagBag","filename":"dagbag.py","lineno":469}
{"timestamp":"2026-04-13T20:58:32.957438Z","level":"info","event":"Filling up the DagBag from /opt/airflow/dags/9_cronSyntaxDag.py","logger":"airflow.dag_processing.dagbag.BundleDagBag","filename":"dagbag.py","lineno":469}
{"timestamp":"2026-04-13T20:59:05.662753Z","level":"info","event":"Filling up the DagBag from /opt/airflow/dags/9_cronSyntaxDag.py","logger":"airflow.dag_processing.dagbag.BundleDagBag","filename":"dagbag.py","lineno":469}
{"timestamp":"2026-04-13T20:59:36.833322Z","level":"info","event":"Filling up the DagBag from /opt/airflow/dags/9_cronSyntaxDag.py","logger":"airflow.dag_processing.dagbag.BundleDagBag","filename":"dagbag.py","lineno":469}
{"timestamp":"2026-04-13T21:00:07.595051Z","level":"info","event":"Filling up the DagBag from /opt/airflow/dags/9_cronSyntaxDag.py","logger":"airflow.dag_processing.dagbag.BundleDagBag","filename":"dagbag.py","lineno":469}
{"timestamp":"2026-04-13T21:00:38.967365Z","level":"info","event":"Filling up the DagBag from /opt/airflow/dags/9_cronSyntaxDag.py","logger":"airflow.dag_processing.dagbag.BundleDagBag","filename":"dagbag.py","lineno":469}
{"timestamp":"2026-04-13T21:01:09.702961Z","level":"info","event":"Filling up the DagBag from /opt/airflow/dags/9_cronSyntaxDag.py","logger":"airflow.dag_processing.dagbag.BundleDagBag","filename":"dagbag.py","lineno":469}
{"timestamp":"2026-04-13T21:01:40.731225Z","level":"info","event":"Filling up the DagBag from /opt/airflow/dags/9_cronSyntaxDag.py","logger":"airflow.dag_processing.dagbag.BundleDagBag","filename":"dagbag.py","lineno":469}
{"timestamp":"2026-04-13T21:02:11.522698Z","level":"info","event":"Filling up the DagBag from /opt/airflow/dags/9_cronSyntaxDag.py","logger":"airflow.dag_processing.dagbag.BundleDagBag","filename":"dagbag.py","lineno":469}
{"timestamp":"2026-04-13T21:02:42.197748Z","level":"info","event":"Filling up the DagBag from /opt/airflow/dags/9_cronSyntaxDag.py","logger":"airflow.dag_processing.dagbag.BundleDagBag","filename":"dagbag.py","lineno":469}
{"timestamp":"2026-04-13T21:03:13.059167Z","level":"info","event":"Filling up the DagBag from /opt/airflow/dags/9_cronSyntaxDag.py","logger":"airflow.dag_processing.dagbag.BundleDagBag","filename":"dagbag.py","lineno":469}
{"timestamp":"2026-04-13T21:03:48.611067Z","level":"info","event":"Filling up the DagBag from /opt/airflow/dags/9_cronSyntaxDag.py","logger":"airflow.dag_processing.dagbag.BundleDagBag","filename":"dagbag.py","lineno":469}
{"timestamp":"2026-04-13T21:08:15.130411Z","level":"info","event":"Filling up the DagBag from /opt/airflow/dags/9_cronSyntaxDag.py","logger":"airflow.dag_processing.dagbag.BundleDagBag","filename":"dagbag.py","lineno":469}
{"timestamp":"2026-04-13T21:08:45.929913Z","level":"info","event":"Filling up the DagBag from /opt/airflow/dags/9_cronSyntaxDag.py","logger":"airflow.dag_processing.dagbag.BundleDagBag","filename":"dagbag.py","lineno":469}
{"timestamp":"2026-04-13T21:09:16.790162Z","level":"info","event":"Filling up the DagBag from /opt/airflow/dags/9_cronSyntaxDag.py","logger":"airflow.dag_processing.dagbag.BundleDagBag","filename":"dagbag.py","lineno":469}
{"timestamp":"2026-04-13T21:09:47.823596Z","level":"info","event":"Filling up the DagBag from /opt/airflow/dags/9_cronSyntaxDag.py","logger":"airflow.dag_processing.dagbag.BundleDagBag","filename":"dagbag.py","lineno":469}
{"timestamp":"2026-04-13T21:10:18.781210Z","level":"info","event":"Filling up the DagBag from /opt/airflow/dags/9_cronSyntaxDag.py","logger":"airflow.dag_processing.dagbag.BundleDagBag","filename":"dagbag.py","lineno":469}
{"timestamp":"2026-04-13T21:10:49.677370Z","level":"info","event":"Filling up the DagBag from /opt/airflow/dags/9_cronSyntaxDag.py","logger":"airflow.dag_processing.dagbag.BundleDagBag","filename":"dagbag.py","lineno":469}
{"timestamp":"2026-04-13T21:11:20.523787Z","level":"info","event":"Filling up the DagBag from /opt/airflow/dags/9_cronSyntaxDag.py","logger":"airflow.dag_processing.dagbag.BundleDagBag","filename":"dagbag.py","lineno":469}
{"timestamp":"2026-04-13T21:11:51.379719Z","level":"info","event":"Filling up the DagBag from /opt/airflow/dags/9_cronSyntaxDag.py","logger":"airflow.dag_processing.dagbag.BundleDagBag","filename":"dagbag.py","lineno":469}
{"timestamp":"2026-04-13T21:12:22.294639Z","level":"info","event":"Filling up the DagBag from /opt/airflow/dags/9_cronSyntaxDag.py","logger":"airflow.dag_processing.dagbag.BundleDagBag","filename":"dagbag.py","lineno":469}
{"timestamp":"2026-04-13T21:12:53.143030Z","level":"info","event":"Filling up the DagBag from /opt/airflow/dags/9_cronSyntaxDag.py","logger":"airflow.dag_processing.dagbag.BundleDagBag","filename":"dagbag.py","lineno":469}
{"timestamp":"2026-04-13T21:13:25.324520Z","level":"info","event":"Filling up the DagBag from /opt/airflow/dags/9_cronSyntaxDag.py","logger":"airflow.dag_processing.dagbag.BundleDagBag","filename":"dagbag.py","lineno":469}
{"timestamp":"2026-04-13T21:13:55.845097Z","level":"info","event":"Filling up the DagBag from /opt/airflow/dags/9_cronSyntaxDag.py","logger":"airflow.dag_processing.dagbag.BundleDagBag","filename":"dagbag.py","lineno":469}
{"timestamp":"2026-04-13T21:14:26.510155Z","level":"info","event":"Filling up the DagBag from /opt/airflow/dags/9_cronSyntaxDag.py","logger":"airflow.dag_processing.dagbag.BundleDagBag","filename":"dagbag.py","lineno":469}
{"timestamp":"2026-04-13T21:14:57.469534Z","level":"info","event":"Filling up the DagBag from /opt/airflow/dags/9_cronSyntaxDag.py","logger":"airflow.dag_processing.dagbag.BundleDagBag","filename":"dagbag.py","lineno":469}
{"timestamp":"2026-04-13T21:15:28.276857Z","level":"info","event":"Filling up the DagBag from /opt/airflow/dags/9_cronSyntaxDag.py","logger":"airflow.dag_processing.dagbag.BundleDagBag","filename":"dagbag.py","lineno":469}
{"timestamp":"2026-04-13T21:15:59.788432Z","level":"info","event":"Filling up the DagBag from /opt/airflow/dags/9_cronSyntaxDag.py","logger":"airflow.dag_processing.dagbag.BundleDagBag","filename":"dagbag.py","lineno":469}
{"timestamp":"2026-04-13T21:16:31.345751Z","level":"info","event":"Filling up the DagBag from /opt/airflow/dags/9_cronSyntaxDag.py","logger":"airflow.dag_processing.dagbag.BundleDagBag","filename":"dagbag.py","lineno":469}
{"timestamp":"2026-04-13T21:17:02.631975Z","level":"info","event":"Filling up the DagBag from /opt/airflow/dags/9_cronSyntaxDag.py","logger":"airflow.dag_processing.dagbag.BundleDagBag","filename":"dagbag.py","lineno":469}
{"timestamp":"2026-04-13T21:17:33.557710Z","level":"info","event":"Filling up the DagBag from /opt/airflow/dags/9_cronSyntaxDag.py","logger":"airflow.dag_processing.dagbag.BundleDagBag","filename":"dagbag.py","lineno":469}
{"timestamp":"2026-04-13T21:18:05.629478Z","level":"info","event":"Filling up the DagBag from /opt/airflow/dags/9_cronSyntaxDag.py","logger":"airflow.dag_processing.dagbag.BundleDagBag","filename":"dagbag.py","lineno":469}
{"timestamp":"2026-04-13T21:18:36.486118Z","level":"info","event":"Filling up the DagBag from /opt/airflow/dags/9_cronSyntaxDag.py","logger":"airflow.dag_processing.dagbag.BundleDagBag","filename":"dagbag.py","lineno":469}
{"timestamp":"2026-04-13T21:25:55.642515Z","level":"info","event":"Filling up the DagBag from /opt/airflow/dags/9_cronSyntaxDag.py","logger":"airflow.dag_processing.dagbag.BundleDagBag","filename":"dagbag.py","lineno":469}
{"timestamp":"2026-04-13T21:26:26.405480Z","level":"info","event":"Filling up the DagBag from /opt/airflow/dags/9_cronSyntaxDag.py","logger":"airflow.dag_processing.dagbag.BundleDagBag","filename":"dagbag.py","lineno":469}
{"timestamp":"2026-04-13T21:26:57.054639Z","level":"info","event":"Filling up the DagBag from /opt/airflow/dags/9_cronSyntaxDag.py","logger":"airflow.dag_processing.dagbag.BundleDagBag","filename":"dagbag.py","lineno":469}
{"timestamp":"2026-04-13T21:27:28.262877Z","level":"info","event":"Filling up the DagBag from /opt/airflow/dags/9_cronSyntaxDag.py","logger":"airflow.dag_processing.dagbag.BundleDagBag","filename":"dagbag.py","lineno":469}
{"timestamp":"2026-04-13T21:27:58.936953Z","level":"info","event":"Filling up the DagBag from /opt/airflow/dags/9_cronSyntaxDag.py","logger":"airflow.dag_processing.dagbag.BundleDagBag","filename":"dagbag.py","lineno":469}
{"timestamp":"2026-04-13T21:28:29.538440Z","level":"info","event":"Filling up the DagBag from /opt/airflow/dags/9_cronSyntaxDag.py","logger":"airflow.dag_processing.dagbag.BundleDagBag","filename":"dagbag.py","lineno":469}
{"timestamp":"2026-04-13T21:29:00.577336Z","level":"info","event":"Filling up the DagBag from /opt/airflow/dags/9_cronSyntaxDag.py","logger":"airflow.dag_processing.dagbag.BundleDagBag","filename":"dagbag.py","lineno":469}
{"timestamp":"2026-04-13T21:29:31.633963Z","level":"info","event":"Filling up the DagBag from /opt/airflow/dags/9_cronSyntaxDag.py","logger":"airflow.dag_processing.dagbag.BundleDagBag","filename":"dagbag.py","lineno":469}
{"timestamp":"2026-04-13T21:30:03.026825Z","level":"info","event":"Filling up the DagBag from /opt/airflow/dags/9_cronSyntaxDag.py","logger":"airflow.dag_processing.dagbag.BundleDagBag","filename":"dagbag.py","lineno":469}
{"timestamp":"2026-04-13T21:30:34.182502Z","level":"info","event":"Filling up the DagBag from /opt/airflow/dags/9_cronSyntaxDag.py","logger":"airflow.dag_processing.dagbag.BundleDagBag","filename":"dagbag.py","lineno":469}
{"timestamp":"2026-04-13T21:31:05.271962Z","level":"info","event":"Filling up the DagBag from /opt/airflow/dags/9_cronSyntaxDag.py","logger":"airflow.dag_processing.dagbag.BundleDagBag","filename":"dagbag.py","lineno":469}
{"timestamp":"2026-04-13T21:31:35.883972Z","level":"info","event":"Filling up the DagBag from /opt/airflow/dags/9_cronSyntaxDag.py","logger":"airflow.dag_processing.dagbag.BundleDagBag","filename":"dagbag.py","lineno":469}
{"timestamp":"2026-04-13T21:32:07.437818Z","level":"info","event":"Filling up the DagBag from /opt/airflow/dags/9_cronSyntaxDag.py","logger":"airflow.dag_processing.dagbag.BundleDagBag","filename":"dagbag.py","lineno":469}
{"timestamp":"2026-04-13T21:33:06.078182Z","level":"info","event":"Filling up the DagBag from /opt/airflow/dags/9_cronSyntaxDag.py","logger":"airflow.dag_processing.dagbag.BundleDagBag","filename":"dagbag.py","lineno":469}
{"timestamp":"2026-04-13T21:33:36.842485Z","level":"info","event":"Filling up the DagBag from /opt/airflow/dags/9_cronSyntaxDag.py","logger":"airflow.dag_processing.dagbag.BundleDagBag","filename":"dagbag.py","lineno":469}
{"timestamp":"2026-04-13T21:34:07.630346Z","level":"info","event":"Filling up the DagBag from /opt/airflow/dags/9_cronSyntaxDag.py","logger":"airflow.dag_processing.dagbag.BundleDagBag","filename":"dagbag.py","lineno":469}
{"timestamp":"2026-04-13T21:34:38.664074Z","level":"info","event":"Filling up the DagBag from /opt/airflow/dags/9_cronSyntaxDag.py","logger":"airflow.dag_processing.dagbag.BundleDagBag","filename":"dagbag.py","lineno":469}
{"timestamp":"2026-04-13T21:35:09.261384Z","level":"info","event":"Filling up the DagBag from /opt/airflow/dags/9_cronSyntaxDag.py","logger":"airflow.dag_processing.dagbag.BundleDagBag","filename":"dagbag.py","lineno":469}
{"timestamp":"2026-04-13T21:35:39.858852Z","level":"info","event":"Filling up the DagBag from /opt/airflow/dags/9_cronSyntaxDag.py","logger":"airflow.dag_processing.dagbag.BundleDagBag","filename":"dagbag.py","lineno":469}
{"timestamp":"2026-04-13T21:36:10.703607Z","level":"info","event":"Filling up the DagBag from /opt/airflow/dags/9_cronSyntaxDag.py","logger":"airflow.dag_processing.dagbag.BundleDagBag","filename":"dagbag.py","lineno":469}
{"timestamp":"2026-04-13T21:38:58.303663Z","level":"info","event":"Filling up the DagBag from /opt/airflow/dags/9_cronSyntaxDag.py","logger":"airflow.dag_processing.dagbag.BundleDagBag","filename":"dagbag.py","lineno":469}
{"timestamp":"2026-04-13T21:39:30.104935Z","level":"info","event":"Filling up the DagBag from /opt/airflow/dags/9_cronSyntaxDag.py","logger":"airflow.dag_processing.dagbag.BundleDagBag","filename":"dagbag.py","lineno":469}
{"timestamp":"2026-04-13T21:49:59.458934Z","level":"info","event":"Filling up the DagBag from /opt/airflow/dags/9_cronSyntaxDag.py","logger":"airflow.dag_processing.dagbag.BundleDagBag","filename":"dagbag.py","lineno":469}
{"timestamp":"2026-04-13T21:50:30.324245Z","level":"info","event":"Filling up the DagBag from /opt/airflow/dags/9_cronSyntaxDag.py","logger":"airflow.dag_processing.dagbag.BundleDagBag","filename":"dagbag.py","lineno":469}
{"timestamp":"2026-04-13T21:51:00.813107Z","level":"info","event":"Filling up the DagBag from /opt/airflow/dags/9_cronSyntaxDag.py","logger":"airflow.dag_processing.dagbag.BundleDagBag","filename":"dagbag.py","lineno":469}
{"timestamp":"2026-04-13T21:51:31.664983Z","level":"info","event":"Filling up the DagBag from /opt/airflow/dags/9_cronSyntaxDag.py","logger":"airflow.dag_processing.dagbag.BundleDagBag","filename":"dagbag.py","lineno":469}
{"timestamp":"2026-04-13T21:52:02.581716Z","level":"info","event":"Filling up the DagBag from /opt/airflow/dags/9_cronSyntaxDag.py","logger":"airflow.dag_processing.dagbag.BundleDagBag","filename":"dagbag.py","lineno":469}
{"timestamp":"2026-04-13T21:52:33.337194Z","level":"info","event":"Filling up the DagBag from /opt/airflow/dags/9_cronSyntaxDag.py","logger":"airflow.dag_processing.dagbag.BundleDagBag","filename":"dagbag.py","lineno":469}
{"timestamp":"2026-04-13T21:53:05.788393Z","level":"info","event":"Filling up the DagBag from /opt/airflow/dags/9_cronSyntaxDag.py","logger":"airflow.dag_processing.dagbag.BundleDagBag","filename":"dagbag.py","lineno":469}
{"timestamp":"2026-04-13T21:53:39.931406Z","level":"info","event":"Filling up the DagBag from /opt/airflow/dags/9_cronSyntaxDag.py","logger":"airflow.dag_processing.dagbag.BundleDagBag","filename":"dagbag.py","lineno":469}
{"timestamp":"2026-04-13T21:54:10.713100Z","level":"info","event":"Filling up the DagBag from /opt/airflow/dags/9_cronSyntaxDag.py","logger":"airflow.dag_processing.dagbag.BundleDagBag","filename":"dagbag.py","lineno":469}
{"timestamp":"2026-04-13T21:54:41.737453Z","level":"info","event":"Filling up the DagBag from /opt/airflow/dags/9_cronSyntaxDag.py","logger":"airflow.dag_processing.dagbag.BundleDagBag","filename":"dagbag.py","lineno":469}
{"timestamp":"2026-04-13T21:55:12.738610Z","level":"info","event":"Filling up the DagBag from /opt/airflow/dags/9_cronSyntaxDag.py","logger":"airflow.dag_processing.dagbag.BundleDagBag","filename":"dagbag.py","lineno":469}
{"timestamp":"2026-04-13T21:55:44.154188Z","level":"info","event":"Filling up the DagBag from /opt/airflow/dags/9_cronSyntaxDag.py","logger":"airflow.dag_processing.dagbag.BundleDagBag","filename":"dagbag.py","lineno":469}
{"timestamp":"2026-04-13T21:56:15.587303Z","level":"info","event":"Filling up the DagBag from /opt/airflow/dags/9_cronSyntaxDag.py","logger":"airflow.dag_processing.dagbag.BundleDagBag","filename":"dagbag.py","lineno":469}
{"timestamp":"2026-04-13T21:56:46.523473Z","level":"info","event":"Filling up the DagBag from /opt/airflow/dags/9_cronSyntaxDag.py","logger":"airflow.dag_processing.dagbag.BundleDagBag","filename":"dagbag.py","lineno":469}
{"timestamp":"2026-04-13T21:57:17.066361Z","level":"info","event":"Filling up the DagBag from /opt/airflow/dags/9_cronSyntaxDag.py","logger":"airflow.dag_processing.dagbag.BundleDagBag","filename":"dagbag.py","lineno":469}
{"timestamp":"2026-04-13T21:57:47.664103Z","level":"info","event":"Filling up the DagBag from /opt/airflow/dags/9_cronSyntaxDag.py","logger":"airflow.dag_processing.dagbag.BundleDagBag","filename":"dagbag.py","lineno":469}
{"timestamp":"2026-04-13T21:58:18.125148Z","level":"info","event":"Filling up the DagBag from /opt/airflow/dags/9_cronSyntaxDag.py","logger":"airflow.dag_processing.dagbag.BundleDagBag","filename":"dagbag.py","lineno":469}
{"timestamp":"2026-04-13T21:58:49.148787Z","level":"info","event":"Filling up the DagBag from /opt/airflow/dags/9_cronSyntaxDag.py","logger":"airflow.dag_processing.dagbag.BundleDagBag","filename":"dagbag.py","lineno":469}
{"timestamp":"2026-04-13T21:59:20.282853Z","level":"info","event":"Filling up the DagBag from /opt/airflow/dags/9_cronSyntaxDag.py","logger":"airflow.dag_processing.dagbag.BundleDagBag","filename":"dagbag.py","lineno":469}
{"timestamp":"2026-04-13T21:59:50.891799Z","level":"info","event":"Filling up the DagBag from /opt/airflow/dags/9_cronSyntaxDag.py","logger":"airflow.dag_processing.dagbag.BundleDagBag","filename":"dagbag.py","lineno":469}
{"timestamp":"2026-04-13T22:00:21.444207Z","level":"info","event":"Filling up the DagBag from /opt/airflow/dags/9_cronSyntaxDag.py","logger":"airflow.dag_processing.dagbag.BundleDagBag","filename":"dagbag.py","lineno":469}
{"timestamp":"2026-04-13T22:00:52.289664Z","level":"info","event":"Filling up the DagBag from /opt/airflow/dags/9_cronSyntaxDag.py","logger":"airflow.dag_processing.dagbag.BundleDagBag","filename":"dagbag.py","lineno":469}
{"timestamp":"2026-04-13T22:01:23.050773Z","level":"info","event":"Filling up the DagBag from /opt/airflow/dags/9_cronSyntaxDag.py","logger":"airflow.dag_processing.dagbag.BundleDagBag","filename":"dagbag.py","lineno":469}
{"timestamp":"2026-04-13T22:01:54.266202Z","level":"info","event":"Filling up the DagBag from /opt/airflow/dags/9_cronSyntaxDag.py","logger":"airflow.dag_processing.dagbag.BundleDagBag","filename":"dagbag.py","lineno":469}
{"timestamp":"2026-04-13T22:02:24.581909Z","level":"info","event":"Filling up the DagBag from /opt/airflow/dags/9_cronSyntaxDag.py","logger":"airflow.dag_processing.dagbag.BundleDagBag","filename":"dagbag.py","lineno":469}
{"timestamp":"2026-04-13T22:02:54.957955Z","level":"info","event":"Filling up the DagBag from /opt/airflow/dags/9_cronSyntaxDag.py","logger":"airflow.dag_processing.dagbag.BundleDagBag","filename":"dagbag.py","lineno":469}
{"timestamp":"2026-04-13T22:03:25.320682Z","level":"info","event":"Filling up the DagBag from /opt/airflow/dags/9_cronSyntaxDag.py","logger":"airflow.dag_processing.dagbag.BundleDagBag","filename":"dagbag.py","lineno":469}
{"timestamp":"2026-04-13T22:03:56.228140Z","level":"info","event":"Filling up the DagBag from /opt/airflow/dags/9_cronSyntaxDag.py","logger":"airflow.dag_processing.dagbag.BundleDagBag","filename":"dagbag.py","lineno":469}
{"timestamp":"2026-04-13T22:04:26.917193Z","level":"info","event":"Filling up the DagBag from /opt/airflow/dags/9_cronSyntaxDag.py","logger":"airflow.dag_processing.dagbag.BundleDagBag","filename":"dagbag.py","lineno":469}
{"timestamp":"2026-04-13T22:04:57.386797Z","level":"info","event":"Filling up the DagBag from /opt/airflow/dags/9_cronSyntaxDag.py","logger":"airflow.dag_processing.dagbag.BundleDagBag","filename":"dagbag.py","lineno":469}
{"timestamp":"2026-04-13T22:05:28.316170Z","level":"info","event":"Filling up the DagBag from /opt/airflow/dags/9_cronSyntaxDag.py","logger":"airflow.dag_processing.dagbag.BundleDagBag","filename":"dagbag.py","lineno":469}
{"timestamp":"2026-04-13T22:05:58.889402Z","level":"info","event":"Filling up the DagBag from /opt/airflow/dags/9_cronSyntaxDag.py","logger":"airflow.dag_processing.dagbag.BundleDagBag","filename":"dagbag.py","lineno":469}
{"timestamp":"2026-04-13T22:06:29.556054Z","level":"info","event":"Filling up the DagBag from /opt/airflow/dags/9_cronSyntaxDag.py","logger":"airflow.dag_processing.dagbag.BundleDagBag","filename":"dagbag.py","lineno":469}
{"timestamp":"2026-04-13T22:07:00.346183Z","level":"info","event":"Filling up the DagBag from /opt/airflow/dags/9_cronSyntaxDag.py","logger":"airflow.dag_processing.dagbag.BundleDagBag","filename":"dagbag.py","lineno":469}
{"timestamp":"2026-04-13T22:07:31.028347Z","level":"info","event":"Filling up the DagBag from /opt/airflow/dags/9_cronSyntaxDag.py","logger":"airflow.dag_processing.dagbag.BundleDagBag","filename":"dagbag.py","lineno":469}
{"timestamp":"2026-04-13T22:08:01.823389Z","level":"info","event":"Filling up the DagBag from /opt/airflow/dags/9_cronSyntaxDag.py","logger":"airflow.dag_processing.dagbag.BundleDagBag","filename":"dagbag.py","lineno":469}
{"timestamp":"2026-04-13T22:08:32.505736Z","level":"info","event":"Filling up the DagBag from /opt/airflow/dags/9_cronSyntaxDag.py","logger":"airflow.dag_processing.dagbag.BundleDagBag","filename":"dagbag.py","lineno":469}
{"timestamp":"2026-04-13T22:09:03.484905Z","level":"info","event":"Filling up the DagBag from /opt/airflow/dags/9_cronSyntaxDag.py","logger":"airflow.dag_processing.dagbag.BundleDagBag","filename":"dagbag.py","lineno":469}
{"timestamp":"2026-04-13T22:09:34.287129Z","level":"info","event":"Filling up the DagBag from /opt/airflow/dags/9_cronSyntaxDag.py","logger":"airflow.dag_processing.dagbag.BundleDagBag","filename":"dagbag.py","lineno":469}
