{"timestamp":"2026-04-13T17:57:48.229266Z","level":"info","event":"Filling up the DagBag from /opt/airflow/dags/dagVersioning.py","logger":"airflow.dag_processing.dagbag.BundleDagBag","filename":"dagbag.py","lineno":469}
{"timestamp":"2026-04-13T17:58:19.334741Z","level":"info","event":"Filling up the DagBag from /opt/airflow/dags/dagVersioning.py","logger":"airflow.dag_processing.dagbag.BundleDagBag","filename":"dagbag.py","lineno":469}
{"timestamp":"2026-04-13T17:58:50.282086Z","level":"info","event":"Filling up the DagBag from /opt/airflow/dags/dagVersioning.py","logger":"airflow.dag_processing.dagbag.BundleDagBag","filename":"dagbag.py","lineno":469}
{"timestamp":"2026-04-13T18:00:43.821214Z","level":"info","event":"Filling up the DagBag from /opt/airflow/dags/dagVersioning.py","logger":"airflow.dag_processing.dagbag.BundleDagBag","filename":"dagbag.py","lineno":469}
{"timestamp":"2026-04-13T18:01:15.506855Z","level":"info","event":"Filling up the DagBag from /opt/airflow/dags/dagVersioning.py","logger":"airflow.dag_processing.dagbag.BundleDagBag","filename":"dagbag.py","lineno":469}
{"timestamp":"2026-04-13T18:01:46.511947Z","level":"info","event":"Filling up the DagBag from /opt/airflow/dags/dagVersioning.py","logger":"airflow.dag_processing.dagbag.BundleDagBag","filename":"dagbag.py","lineno":469}
{"timestamp":"2026-04-13T18:02:17.183461Z","level":"info","event":"Filling up the DagBag from /opt/airflow/dags/dagVersioning.py","logger":"airflow.dag_processing.dagbag.BundleDagBag","filename":"dagbag.py","lineno":469}
{"timestamp":"2026-04-13T18:02:47.950767Z","level":"info","event":"Filling up the DagBag from /opt/airflow/dags/dagVersioning.py","logger":"airflow.dag_processing.dagbag.BundleDagBag","filename":"dagbag.py","lineno":469}
{"timestamp":"2026-04-13T18:03:18.949290Z","level":"info","event":"Filling up the DagBag from /opt/airflow/dags/dagVersioning.py","logger":"airflow.dag_processing.dagbag.BundleDagBag","filename":"dagbag.py","lineno":469}
{"timestamp":"2026-04-13T18:03:49.330958Z","level":"info","event":"Filling up the DagBag from /opt/airflow/dags/dagVersioning.py","logger":"airflow.dag_processing.dagbag.BundleDagBag","filename":"dagbag.py","lineno":469}
{"timestamp":"2026-04-13T18:04:19.649175Z","level":"info","event":"Filling up the DagBag from /opt/airflow/dags/dagVersioning.py","logger":"airflow.dag_processing.dagbag.BundleDagBag","filename":"dagbag.py","lineno":469}
{"timestamp":"2026-04-13T18:04:50.509719Z","level":"info","event":"Filling up the DagBag from /opt/airflow/dags/dagVersioning.py","logger":"airflow.dag_processing.dagbag.BundleDagBag","filename":"dagbag.py","lineno":469}
{"timestamp":"2026-04-13T18:05:21.084117Z","level":"info","event":"Filling up the DagBag from /opt/airflow/dags/dagVersioning.py","logger":"airflow.dag_processing.dagbag.BundleDagBag","filename":"dagbag.py","lineno":469}
{"timestamp":"2026-04-13T18:05:51.892859Z","level":"info","event":"Filling up the DagBag from /opt/airflow/dags/dagVersioning.py","logger":"airflow.dag_processing.dagbag.BundleDagBag","filename":"dagbag.py","lineno":469}
{"timestamp":"2026-04-13T18:06:22.565261Z","level":"info","event":"Filling up the DagBag from /opt/airflow/dags/dagVersioning.py","logger":"airflow.dag_processing.dagbag.BundleDagBag","filename":"dagbag.py","lineno":469}
{"timestamp":"2026-04-13T18:06:53.085176Z","level":"info","event":"Filling up the DagBag from /opt/airflow/dags/dagVersioning.py","logger":"airflow.dag_processing.dagbag.BundleDagBag","filename":"dagbag.py","lineno":469}
{"timestamp":"2026-04-13T18:07:25.395305Z","level":"info","event":"Filling up the DagBag from /opt/airflow/dags/dagVersioning.py","logger":"airflow.dag_processing.dagbag.BundleDagBag","filename":"dagbag.py","lineno":469}
{"timestamp":"2026-04-13T18:07:56.113284Z","level":"info","event":"Filling up the DagBag from /opt/airflow/dags/dagVersioning.py","logger":"airflow.dag_processing.dagbag.BundleDagBag","filename":"dagbag.py","lineno":469}
{"timestamp":"2026-04-13T18:08:26.957845Z","level":"info","event":"Filling up the DagBag from /opt/airflow/dags/dagVersioning.py","logger":"airflow.dag_processing.dagbag.BundleDagBag","filename":"dagbag.py","lineno":469}
{"timestamp":"2026-04-13T18:08:57.593251Z","level":"info","event":"Filling up the DagBag from /opt/airflow/dags/dagVersioning.py","logger":"airflow.dag_processing.dagbag.BundleDagBag","filename":"dagbag.py","lineno":469}
{"timestamp":"2026-04-13T18:09:28.133857Z","level":"info","event":"Filling up the DagBag from /opt/airflow/dags/dagVersioning.py","logger":"airflow.dag_processing.dagbag.BundleDagBag","filename":"dagbag.py","lineno":469}
{"timestamp":"2026-04-13T18:09:58.801000Z","level":"info","event":"Filling up the DagBag from /opt/airflow/dags/dagVersioning.py","logger":"airflow.dag_processing.dagbag.BundleDagBag","filename":"dagbag.py","lineno":469}
{"timestamp":"2026-04-13T18:10:29.319164Z","level":"info","event":"Filling up the DagBag from /opt/airflow/dags/dagVersioning.py","logger":"airflow.dag_processing.dagbag.BundleDagBag","filename":"dagbag.py","lineno":469}
{"timestamp":"2026-04-13T18:10:34.131086Z","level":"info","event":"Filling up the DagBag from /opt/airflow/dags/dagVersioning.py","logger":"airflow.dag_processing.dagbag.BundleDagBag","filename":"dagbag.py","lineno":469}
{"timestamp":"2026-04-13T18:11:04.892282Z","level":"info","event":"Filling up the DagBag from /opt/airflow/dags/dagVersioning.py","logger":"airflow.dag_processing.dagbag.BundleDagBag","filename":"dagbag.py","lineno":469}
{"timestamp":"2026-04-13T18:11:35.601144Z","level":"info","event":"Filling up the DagBag from /opt/airflow/dags/dagVersioning.py","logger":"airflow.dag_processing.dagbag.BundleDagBag","filename":"dagbag.py","lineno":469}
{"timestamp":"2026-04-13T18:12:06.816724Z","level":"info","event":"Filling up the DagBag from /opt/airflow/dags/dagVersioning.py","logger":"airflow.dag_processing.dagbag.BundleDagBag","filename":"dagbag.py","lineno":469}
{"timestamp":"2026-04-13T18:12:30.455595Z","level":"info","event":"Filling up the DagBag from /opt/airflow/dags/dagVersioning.py","logger":"airflow.dag_processing.dagbag.BundleDagBag","filename":"dagbag.py","lineno":469}
{"timestamp":"2026-04-13T18:12:30.487417Z","level":"error","event":"Failed to import: /opt/airflow/dags/dagVersioning.py","logger":"airflow.dag_processing.importers.python_importer","filename":"python_importer.py","lineno":244,"error_detail":[{"exc_type":"SyntaxError","exc_value":"invalid syntax (dagVersioning.py, line 22)","exc_notes":[],"syntax_error":{"offset":5,"filename":"/opt/airflow/dags/dagVersioning.py","line":"    first = firstTask()\n","lineno":22,"msg":"invalid syntax"},"is_cause":false,"frames":[{"filename":"/home/airflow/.local/lib/python3.13/site-packages/airflow/dag_processing/importers/python_importer.py","lineno":238,"name":"parse"},{"filename":"<frozen importlib._bootstrap_external>","lineno":1019,"name":"exec_module"},{"filename":"<frozen importlib._bootstrap_external>","lineno":1157,"name":"get_code"},{"filename":"<frozen importlib._bootstrap_external>","lineno":1087,"name":"source_to_code"},{"filename":"<frozen importlib._bootstrap>","lineno":488,"name":"_call_with_frames_removed"}],"is_group":false,"exceptions":[]}]}
{"timestamp":"2026-04-13T18:12:30.511606Z","level":"error","event":"Error loading DAG from dagVersioning.py: invalid syntax (dagVersioning.py, line 22)","logger":"airflow.dag_processing.dagbag.BundleDagBag","filename":"dagbag.py","lineno":327}
{"timestamp":"2026-04-13T18:12:35.191604Z","level":"info","event":"Filling up the DagBag from /opt/airflow/dags/dagVersioning.py","logger":"airflow.dag_processing.dagbag.BundleDagBag","filename":"dagbag.py","lineno":469}
{"timestamp":"2026-04-13T18:12:35.222581Z","level":"error","event":"Failed to import: /opt/airflow/dags/dagVersioning.py","logger":"airflow.dag_processing.importers.python_importer","filename":"python_importer.py","lineno":244,"error_detail":[{"exc_type":"SyntaxError","exc_value":"expected '(' (dagVersioning.py, line 20)","exc_notes":[],"syntax_error":{"offset":16,"filename":"/opt/airflow/dags/dagVersioning.py","line":"    def version\n","lineno":20,"msg":"expected '('"},"is_cause":false,"frames":[{"filename":"/home/airflow/.local/lib/python3.13/site-packages/airflow/dag_processing/importers/python_importer.py","lineno":238,"name":"parse"},{"filename":"<frozen importlib._bootstrap_external>","lineno":1019,"name":"exec_module"},{"filename":"<frozen importlib._bootstrap_external>","lineno":1157,"name":"get_code"},{"filename":"<frozen importlib._bootstrap_external>","lineno":1087,"name":"source_to_code"},{"filename":"<frozen importlib._bootstrap>","lineno":488,"name":"_call_with_frames_removed"}],"is_group":false,"exceptions":[]}]}
{"timestamp":"2026-04-13T18:12:35.225807Z","level":"error","event":"Error loading DAG from dagVersioning.py: expected '(' (dagVersioning.py, line 20)","logger":"airflow.dag_processing.dagbag.BundleDagBag","filename":"dagbag.py","lineno":327}
{"timestamp":"2026-04-13T18:12:36.410951Z","level":"info","event":"Filling up the DagBag from /opt/airflow/dags/dagVersioning.py","logger":"airflow.dag_processing.dagbag.BundleDagBag","filename":"dagbag.py","lineno":469}
{"timestamp":"2026-04-13T18:12:41.758152Z","level":"info","event":"Filling up the DagBag from /opt/airflow/dags/dagVersioning.py","logger":"airflow.dag_processing.dagbag.BundleDagBag","filename":"dagbag.py","lineno":469}
{"timestamp":"2026-04-13T18:12:46.031400Z","level":"info","event":"Filling up the DagBag from /opt/airflow/dags/dagVersioning.py","logger":"airflow.dag_processing.dagbag.BundleDagBag","filename":"dagbag.py","lineno":469}
{"timestamp":"2026-04-13T18:12:47.262085Z","level":"info","event":"Filling up the DagBag from /opt/airflow/dags/dagVersioning.py","logger":"airflow.dag_processing.dagbag.BundleDagBag","filename":"dagbag.py","lineno":469}
{"timestamp":"2026-04-13T18:12:48.495840Z","level":"info","event":"Filling up the DagBag from /opt/airflow/dags/dagVersioning.py","logger":"airflow.dag_processing.dagbag.BundleDagBag","filename":"dagbag.py","lineno":469}
{"timestamp":"2026-04-13T18:13:19.687607Z","level":"info","event":"Filling up the DagBag from /opt/airflow/dags/dagVersioning.py","logger":"airflow.dag_processing.dagbag.BundleDagBag","filename":"dagbag.py","lineno":469}
{"timestamp":"2026-04-13T18:13:50.604808Z","level":"info","event":"Filling up the DagBag from /opt/airflow/dags/dagVersioning.py","logger":"airflow.dag_processing.dagbag.BundleDagBag","filename":"dagbag.py","lineno":469}
{"timestamp":"2026-04-13T18:14:21.622720Z","level":"info","event":"Filling up the DagBag from /opt/airflow/dags/dagVersioning.py","logger":"airflow.dag_processing.dagbag.BundleDagBag","filename":"dagbag.py","lineno":469}
{"timestamp":"2026-04-13T18:14:52.660144Z","level":"info","event":"Filling up the DagBag from /opt/airflow/dags/dagVersioning.py","logger":"airflow.dag_processing.dagbag.BundleDagBag","filename":"dagbag.py","lineno":469}
{"timestamp":"2026-04-13T18:15:23.586995Z","level":"info","event":"Filling up the DagBag from /opt/airflow/dags/dagVersioning.py","logger":"airflow.dag_processing.dagbag.BundleDagBag","filename":"dagbag.py","lineno":469}
{"timestamp":"2026-04-13T18:15:54.571461Z","level":"info","event":"Filling up the DagBag from /opt/airflow/dags/dagVersioning.py","logger":"airflow.dag_processing.dagbag.BundleDagBag","filename":"dagbag.py","lineno":469}
{"timestamp":"2026-04-13T18:16:25.407911Z","level":"info","event":"Filling up the DagBag from /opt/airflow/dags/dagVersioning.py","logger":"airflow.dag_processing.dagbag.BundleDagBag","filename":"dagbag.py","lineno":469}
{"timestamp":"2026-04-13T18:16:56.212762Z","level":"info","event":"Filling up the DagBag from /opt/airflow/dags/dagVersioning.py","logger":"airflow.dag_processing.dagbag.BundleDagBag","filename":"dagbag.py","lineno":469}
{"timestamp":"2026-04-13T18:17:26.849015Z","level":"info","event":"Filling up the DagBag from /opt/airflow/dags/dagVersioning.py","logger":"airflow.dag_processing.dagbag.BundleDagBag","filename":"dagbag.py","lineno":469}
{"timestamp":"2026-04-13T18:17:57.099158Z","level":"info","event":"Filling up the DagBag from /opt/airflow/dags/dagVersioning.py","logger":"airflow.dag_processing.dagbag.BundleDagBag","filename":"dagbag.py","lineno":469}
{"timestamp":"2026-04-13T18:18:27.272254Z","level":"info","event":"Filling up the DagBag from /opt/airflow/dags/dagVersioning.py","logger":"airflow.dag_processing.dagbag.BundleDagBag","filename":"dagbag.py","lineno":469}
{"timestamp":"2026-04-13T18:18:58.895231Z","level":"info","event":"Filling up the DagBag from /opt/airflow/dags/dagVersioning.py","logger":"airflow.dag_processing.dagbag.BundleDagBag","filename":"dagbag.py","lineno":469}
{"timestamp":"2026-04-13T18:19:30.161895Z","level":"info","event":"Filling up the DagBag from /opt/airflow/dags/dagVersioning.py","logger":"airflow.dag_processing.dagbag.BundleDagBag","filename":"dagbag.py","lineno":469}
{"timestamp":"2026-04-13T18:20:01.527555Z","level":"info","event":"Filling up the DagBag from /opt/airflow/dags/dagVersioning.py","logger":"airflow.dag_processing.dagbag.BundleDagBag","filename":"dagbag.py","lineno":469}
{"timestamp":"2026-04-13T18:20:31.875317Z","level":"info","event":"Filling up the DagBag from /opt/airflow/dags/dagVersioning.py","logger":"airflow.dag_processing.dagbag.BundleDagBag","filename":"dagbag.py","lineno":469}
{"timestamp":"2026-04-13T18:21:02.384456Z","level":"info","event":"Filling up the DagBag from /opt/airflow/dags/dagVersioning.py","logger":"airflow.dag_processing.dagbag.BundleDagBag","filename":"dagbag.py","lineno":469}
{"timestamp":"2026-04-13T18:21:33.942890Z","level":"info","event":"Filling up the DagBag from /opt/airflow/dags/dagVersioning.py","logger":"airflow.dag_processing.dagbag.BundleDagBag","filename":"dagbag.py","lineno":469}
{"timestamp":"2026-04-13T18:22:04.758640Z","level":"info","event":"Filling up the DagBag from /opt/airflow/dags/dagVersioning.py","logger":"airflow.dag_processing.dagbag.BundleDagBag","filename":"dagbag.py","lineno":469}
{"timestamp":"2026-04-13T18:22:36.165379Z","level":"info","event":"Filling up the DagBag from /opt/airflow/dags/dagVersioning.py","logger":"airflow.dag_processing.dagbag.BundleDagBag","filename":"dagbag.py","lineno":469}
{"timestamp":"2026-04-13T18:23:06.614347Z","level":"info","event":"Filling up the DagBag from /opt/airflow/dags/dagVersioning.py","logger":"airflow.dag_processing.dagbag.BundleDagBag","filename":"dagbag.py","lineno":469}
{"timestamp":"2026-04-13T18:23:36.874950Z","level":"info","event":"Filling up the DagBag from /opt/airflow/dags/dagVersioning.py","logger":"airflow.dag_processing.dagbag.BundleDagBag","filename":"dagbag.py","lineno":469}
{"timestamp":"2026-04-13T18:24:07.191356Z","level":"info","event":"Filling up the DagBag from /opt/airflow/dags/dagVersioning.py","logger":"airflow.dag_processing.dagbag.BundleDagBag","filename":"dagbag.py","lineno":469}
{"timestamp":"2026-04-13T18:24:38.330433Z","level":"info","event":"Filling up the DagBag from /opt/airflow/dags/dagVersioning.py","logger":"airflow.dag_processing.dagbag.BundleDagBag","filename":"dagbag.py","lineno":469}
{"timestamp":"2026-04-13T18:25:08.643958Z","level":"info","event":"Filling up the DagBag from /opt/airflow/dags/dagVersioning.py","logger":"airflow.dag_processing.dagbag.BundleDagBag","filename":"dagbag.py","lineno":469}
{"timestamp":"2026-04-13T18:25:38.926883Z","level":"info","event":"Filling up the DagBag from /opt/airflow/dags/dagVersioning.py","logger":"airflow.dag_processing.dagbag.BundleDagBag","filename":"dagbag.py","lineno":469}
{"timestamp":"2026-04-13T18:26:09.535421Z","level":"info","event":"Filling up the DagBag from /opt/airflow/dags/dagVersioning.py","logger":"airflow.dag_processing.dagbag.BundleDagBag","filename":"dagbag.py","lineno":469}
{"timestamp":"2026-04-13T18:26:40.323702Z","level":"info","event":"Filling up the DagBag from /opt/airflow/dags/dagVersioning.py","logger":"airflow.dag_processing.dagbag.BundleDagBag","filename":"dagbag.py","lineno":469}
{"timestamp":"2026-04-13T18:27:10.569892Z","level":"info","event":"Filling up the DagBag from /opt/airflow/dags/dagVersioning.py","logger":"airflow.dag_processing.dagbag.BundleDagBag","filename":"dagbag.py","lineno":469}
{"timestamp":"2026-04-13T18:27:41.235301Z","level":"info","event":"Filling up the DagBag from /opt/airflow/dags/dagVersioning.py","logger":"airflow.dag_processing.dagbag.BundleDagBag","filename":"dagbag.py","lineno":469}
{"timestamp":"2026-04-13T18:28:11.466993Z","level":"info","event":"Filling up the DagBag from /opt/airflow/dags/dagVersioning.py","logger":"airflow.dag_processing.dagbag.BundleDagBag","filename":"dagbag.py","lineno":469}
{"timestamp":"2026-04-13T18:28:41.685467Z","level":"info","event":"Filling up the DagBag from /opt/airflow/dags/dagVersioning.py","logger":"airflow.dag_processing.dagbag.BundleDagBag","filename":"dagbag.py","lineno":469}
{"timestamp":"2026-04-13T18:29:12.746173Z","level":"info","event":"Filling up the DagBag from /opt/airflow/dags/dagVersioning.py","logger":"airflow.dag_processing.dagbag.BundleDagBag","filename":"dagbag.py","lineno":469}
{"timestamp":"2026-04-13T18:29:43.866202Z","level":"info","event":"Filling up the DagBag from /opt/airflow/dags/dagVersioning.py","logger":"airflow.dag_processing.dagbag.BundleDagBag","filename":"dagbag.py","lineno":469}
{"timestamp":"2026-04-13T18:30:14.184697Z","level":"info","event":"Filling up the DagBag from /opt/airflow/dags/dagVersioning.py","logger":"airflow.dag_processing.dagbag.BundleDagBag","filename":"dagbag.py","lineno":469}
{"timestamp":"2026-04-13T18:30:45.318516Z","level":"info","event":"Filling up the DagBag from /opt/airflow/dags/dagVersioning.py","logger":"airflow.dag_processing.dagbag.BundleDagBag","filename":"dagbag.py","lineno":469}
{"timestamp":"2026-04-13T18:31:16.405239Z","level":"info","event":"Filling up the DagBag from /opt/airflow/dags/dagVersioning.py","logger":"airflow.dag_processing.dagbag.BundleDagBag","filename":"dagbag.py","lineno":469}
{"timestamp":"2026-04-13T18:31:47.441373Z","level":"info","event":"Filling up the DagBag from /opt/airflow/dags/dagVersioning.py","logger":"airflow.dag_processing.dagbag.BundleDagBag","filename":"dagbag.py","lineno":469}
{"timestamp":"2026-04-13T18:32:17.674795Z","level":"info","event":"Filling up the DagBag from /opt/airflow/dags/dagVersioning.py","logger":"airflow.dag_processing.dagbag.BundleDagBag","filename":"dagbag.py","lineno":469}
{"timestamp":"2026-04-13T18:32:48.774831Z","level":"info","event":"Filling up the DagBag from /opt/airflow/dags/dagVersioning.py","logger":"airflow.dag_processing.dagbag.BundleDagBag","filename":"dagbag.py","lineno":469}
{"timestamp":"2026-04-13T18:38:58.706418Z","level":"info","event":"Filling up the DagBag from /opt/airflow/dags/dagVersioning.py","logger":"airflow.dag_processing.dagbag.BundleDagBag","filename":"dagbag.py","lineno":469}
{"timestamp":"2026-04-13T18:39:29.163891Z","level":"info","event":"Filling up the DagBag from /opt/airflow/dags/dagVersioning.py","logger":"airflow.dag_processing.dagbag.BundleDagBag","filename":"dagbag.py","lineno":469}
{"timestamp":"2026-04-13T18:39:59.375206Z","level":"info","event":"Filling up the DagBag from /opt/airflow/dags/dagVersioning.py","logger":"airflow.dag_processing.dagbag.BundleDagBag","filename":"dagbag.py","lineno":469}
{"timestamp":"2026-04-13T18:40:30.341999Z","level":"info","event":"Filling up the DagBag from /opt/airflow/dags/dagVersioning.py","logger":"airflow.dag_processing.dagbag.BundleDagBag","filename":"dagbag.py","lineno":469}
{"timestamp":"2026-04-13T18:41:01.426249Z","level":"info","event":"Filling up the DagBag from /opt/airflow/dags/dagVersioning.py","logger":"airflow.dag_processing.dagbag.BundleDagBag","filename":"dagbag.py","lineno":469}
{"timestamp":"2026-04-13T18:41:32.516463Z","level":"info","event":"Filling up the DagBag from /opt/airflow/dags/dagVersioning.py","logger":"airflow.dag_processing.dagbag.BundleDagBag","filename":"dagbag.py","lineno":469}
{"timestamp":"2026-04-13T18:42:03.625306Z","level":"info","event":"Filling up the DagBag from /opt/airflow/dags/dagVersioning.py","logger":"airflow.dag_processing.dagbag.BundleDagBag","filename":"dagbag.py","lineno":469}
{"timestamp":"2026-04-13T18:42:34.578967Z","level":"info","event":"Filling up the DagBag from /opt/airflow/dags/dagVersioning.py","logger":"airflow.dag_processing.dagbag.BundleDagBag","filename":"dagbag.py","lineno":469}
{"timestamp":"2026-04-13T18:43:05.966650Z","level":"info","event":"Filling up the DagBag from /opt/airflow/dags/dagVersioning.py","logger":"airflow.dag_processing.dagbag.BundleDagBag","filename":"dagbag.py","lineno":469}
{"timestamp":"2026-04-13T18:43:36.485756Z","level":"info","event":"Filling up the DagBag from /opt/airflow/dags/dagVersioning.py","logger":"airflow.dag_processing.dagbag.BundleDagBag","filename":"dagbag.py","lineno":469}
{"timestamp":"2026-04-13T18:44:07.309183Z","level":"info","event":"Filling up the DagBag from /opt/airflow/dags/dagVersioning.py","logger":"airflow.dag_processing.dagbag.BundleDagBag","filename":"dagbag.py","lineno":469}
{"timestamp":"2026-04-13T18:44:37.611609Z","level":"info","event":"Filling up the DagBag from /opt/airflow/dags/dagVersioning.py","logger":"airflow.dag_processing.dagbag.BundleDagBag","filename":"dagbag.py","lineno":469}
{"timestamp":"2026-04-13T18:45:07.906966Z","level":"info","event":"Filling up the DagBag from /opt/airflow/dags/dagVersioning.py","logger":"airflow.dag_processing.dagbag.BundleDagBag","filename":"dagbag.py","lineno":469}
{"timestamp":"2026-04-13T18:45:38.231461Z","level":"info","event":"Filling up the DagBag from /opt/airflow/dags/dagVersioning.py","logger":"airflow.dag_processing.dagbag.BundleDagBag","filename":"dagbag.py","lineno":469}
{"timestamp":"2026-04-13T18:46:08.629476Z","level":"info","event":"Filling up the DagBag from /opt/airflow/dags/dagVersioning.py","logger":"airflow.dag_processing.dagbag.BundleDagBag","filename":"dagbag.py","lineno":469}
{"timestamp":"2026-04-13T18:46:47.143094Z","level":"info","event":"Filling up the DagBag from /opt/airflow/dags/dagVersioning.py","logger":"airflow.dag_processing.dagbag.BundleDagBag","filename":"dagbag.py","lineno":469}
{"timestamp":"2026-04-13T18:47:18.483573Z","level":"info","event":"Filling up the DagBag from /opt/airflow/dags/dagVersioning.py","logger":"airflow.dag_processing.dagbag.BundleDagBag","filename":"dagbag.py","lineno":469}
{"timestamp":"2026-04-13T18:47:49.149740Z","level":"info","event":"Filling up the DagBag from /opt/airflow/dags/dagVersioning.py","logger":"airflow.dag_processing.dagbag.BundleDagBag","filename":"dagbag.py","lineno":469}
{"timestamp":"2026-04-13T18:48:20.397117Z","level":"info","event":"Filling up the DagBag from /opt/airflow/dags/dagVersioning.py","logger":"airflow.dag_processing.dagbag.BundleDagBag","filename":"dagbag.py","lineno":469}
{"timestamp":"2026-04-13T18:48:50.820423Z","level":"info","event":"Filling up the DagBag from /opt/airflow/dags/dagVersioning.py","logger":"airflow.dag_processing.dagbag.BundleDagBag","filename":"dagbag.py","lineno":469}
{"timestamp":"2026-04-13T18:49:21.855585Z","level":"info","event":"Filling up the DagBag from /opt/airflow/dags/dagVersioning.py","logger":"airflow.dag_processing.dagbag.BundleDagBag","filename":"dagbag.py","lineno":469}
{"timestamp":"2026-04-13T18:49:52.259257Z","level":"info","event":"Filling up the DagBag from /opt/airflow/dags/dagVersioning.py","logger":"airflow.dag_processing.dagbag.BundleDagBag","filename":"dagbag.py","lineno":469}
{"timestamp":"2026-04-13T18:50:23.136899Z","level":"info","event":"Filling up the DagBag from /opt/airflow/dags/dagVersioning.py","logger":"airflow.dag_processing.dagbag.BundleDagBag","filename":"dagbag.py","lineno":469}
{"timestamp":"2026-04-13T18:50:54.352365Z","level":"info","event":"Filling up the DagBag from /opt/airflow/dags/dagVersioning.py","logger":"airflow.dag_processing.dagbag.BundleDagBag","filename":"dagbag.py","lineno":469}
{"timestamp":"2026-04-13T18:51:25.030982Z","level":"info","event":"Filling up the DagBag from /opt/airflow/dags/dagVersioning.py","logger":"airflow.dag_processing.dagbag.BundleDagBag","filename":"dagbag.py","lineno":469}
{"timestamp":"2026-04-13T18:51:55.464552Z","level":"info","event":"Filling up the DagBag from /opt/airflow/dags/dagVersioning.py","logger":"airflow.dag_processing.dagbag.BundleDagBag","filename":"dagbag.py","lineno":469}
{"timestamp":"2026-04-13T18:52:26.155429Z","level":"info","event":"Filling up the DagBag from /opt/airflow/dags/dagVersioning.py","logger":"airflow.dag_processing.dagbag.BundleDagBag","filename":"dagbag.py","lineno":469}
{"timestamp":"2026-04-13T18:52:56.477010Z","level":"info","event":"Filling up the DagBag from /opt/airflow/dags/dagVersioning.py","logger":"airflow.dag_processing.dagbag.BundleDagBag","filename":"dagbag.py","lineno":469}
{"timestamp":"2026-04-13T18:53:26.708439Z","level":"info","event":"Filling up the DagBag from /opt/airflow/dags/dagVersioning.py","logger":"airflow.dag_processing.dagbag.BundleDagBag","filename":"dagbag.py","lineno":469}
{"timestamp":"2026-04-13T18:53:57.050857Z","level":"info","event":"Filling up the DagBag from /opt/airflow/dags/dagVersioning.py","logger":"airflow.dag_processing.dagbag.BundleDagBag","filename":"dagbag.py","lineno":469}
{"timestamp":"2026-04-13T18:54:27.404811Z","level":"info","event":"Filling up the DagBag from /opt/airflow/dags/dagVersioning.py","logger":"airflow.dag_processing.dagbag.BundleDagBag","filename":"dagbag.py","lineno":469}
{"timestamp":"2026-04-13T18:54:57.812110Z","level":"info","event":"Filling up the DagBag from /opt/airflow/dags/dagVersioning.py","logger":"airflow.dag_processing.dagbag.BundleDagBag","filename":"dagbag.py","lineno":469}
{"timestamp":"2026-04-13T18:55:28.073040Z","level":"info","event":"Filling up the DagBag from /opt/airflow/dags/dagVersioning.py","logger":"airflow.dag_processing.dagbag.BundleDagBag","filename":"dagbag.py","lineno":469}
{"timestamp":"2026-04-13T18:55:58.456642Z","level":"info","event":"Filling up the DagBag from /opt/airflow/dags/dagVersioning.py","logger":"airflow.dag_processing.dagbag.BundleDagBag","filename":"dagbag.py","lineno":469}
{"timestamp":"2026-04-13T18:56:28.845725Z","level":"info","event":"Filling up the DagBag from /opt/airflow/dags/dagVersioning.py","logger":"airflow.dag_processing.dagbag.BundleDagBag","filename":"dagbag.py","lineno":469}
{"timestamp":"2026-04-13T18:56:59.213961Z","level":"info","event":"Filling up the DagBag from /opt/airflow/dags/dagVersioning.py","logger":"airflow.dag_processing.dagbag.BundleDagBag","filename":"dagbag.py","lineno":469}
{"timestamp":"2026-04-13T18:59:11.155747Z","level":"info","event":"Filling up the DagBag from /opt/airflow/dags/dagVersioning.py","logger":"airflow.dag_processing.dagbag.BundleDagBag","filename":"dagbag.py","lineno":469}
{"timestamp":"2026-04-13T18:59:42.550391Z","level":"info","event":"Filling up the DagBag from /opt/airflow/dags/dagVersioning.py","logger":"airflow.dag_processing.dagbag.BundleDagBag","filename":"dagbag.py","lineno":469}
{"timestamp":"2026-04-13T19:00:13.591171Z","level":"info","event":"Filling up the DagBag from /opt/airflow/dags/dagVersioning.py","logger":"airflow.dag_processing.dagbag.BundleDagBag","filename":"dagbag.py","lineno":469}
{"timestamp":"2026-04-13T19:00:44.358227Z","level":"info","event":"Filling up the DagBag from /opt/airflow/dags/dagVersioning.py","logger":"airflow.dag_processing.dagbag.BundleDagBag","filename":"dagbag.py","lineno":469}
{"timestamp":"2026-04-13T19:01:15.369674Z","level":"info","event":"Filling up the DagBag from /opt/airflow/dags/dagVersioning.py","logger":"airflow.dag_processing.dagbag.BundleDagBag","filename":"dagbag.py","lineno":469}
{"timestamp":"2026-04-13T19:01:45.622045Z","level":"info","event":"Filling up the DagBag from /opt/airflow/dags/dagVersioning.py","logger":"airflow.dag_processing.dagbag.BundleDagBag","filename":"dagbag.py","lineno":469}
{"timestamp":"2026-04-13T19:02:16.239187Z","level":"info","event":"Filling up the DagBag from /opt/airflow/dags/dagVersioning.py","logger":"airflow.dag_processing.dagbag.BundleDagBag","filename":"dagbag.py","lineno":469}
{"timestamp":"2026-04-13T19:02:46.882420Z","level":"info","event":"Filling up the DagBag from /opt/airflow/dags/dagVersioning.py","logger":"airflow.dag_processing.dagbag.BundleDagBag","filename":"dagbag.py","lineno":469}
{"timestamp":"2026-04-13T19:03:17.407879Z","level":"info","event":"Filling up the DagBag from /opt/airflow/dags/dagVersioning.py","logger":"airflow.dag_processing.dagbag.BundleDagBag","filename":"dagbag.py","lineno":469}
{"timestamp":"2026-04-13T19:03:48.523699Z","level":"info","event":"Filling up the DagBag from /opt/airflow/dags/dagVersioning.py","logger":"airflow.dag_processing.dagbag.BundleDagBag","filename":"dagbag.py","lineno":469}
{"timestamp":"2026-04-13T19:04:19.723964Z","level":"info","event":"Filling up the DagBag from /opt/airflow/dags/dagVersioning.py","logger":"airflow.dag_processing.dagbag.BundleDagBag","filename":"dagbag.py","lineno":469}
{"timestamp":"2026-04-13T19:04:50.538856Z","level":"info","event":"Filling up the DagBag from /opt/airflow/dags/dagVersioning.py","logger":"airflow.dag_processing.dagbag.BundleDagBag","filename":"dagbag.py","lineno":469}
{"timestamp":"2026-04-13T19:05:21.225062Z","level":"info","event":"Filling up the DagBag from /opt/airflow/dags/dagVersioning.py","logger":"airflow.dag_processing.dagbag.BundleDagBag","filename":"dagbag.py","lineno":469}
{"timestamp":"2026-04-13T19:05:51.816360Z","level":"info","event":"Filling up the DagBag from /opt/airflow/dags/dagVersioning.py","logger":"airflow.dag_processing.dagbag.BundleDagBag","filename":"dagbag.py","lineno":469}
{"timestamp":"2026-04-13T19:06:22.338941Z","level":"info","event":"Filling up the DagBag from /opt/airflow/dags/dagVersioning.py","logger":"airflow.dag_processing.dagbag.BundleDagBag","filename":"dagbag.py","lineno":469}
{"timestamp":"2026-04-13T19:06:53.272373Z","level":"info","event":"Filling up the DagBag from /opt/airflow/dags/dagVersioning.py","logger":"airflow.dag_processing.dagbag.BundleDagBag","filename":"dagbag.py","lineno":469}
{"timestamp":"2026-04-13T19:07:24.334976Z","level":"info","event":"Filling up the DagBag from /opt/airflow/dags/dagVersioning.py","logger":"airflow.dag_processing.dagbag.BundleDagBag","filename":"dagbag.py","lineno":469}
{"timestamp":"2026-04-13T19:07:55.113393Z","level":"info","event":"Filling up the DagBag from /opt/airflow/dags/dagVersioning.py","logger":"airflow.dag_processing.dagbag.BundleDagBag","filename":"dagbag.py","lineno":469}
{"timestamp":"2026-04-13T19:08:25.623796Z","level":"info","event":"Filling up the DagBag from /opt/airflow/dags/dagVersioning.py","logger":"airflow.dag_processing.dagbag.BundleDagBag","filename":"dagbag.py","lineno":469}
{"timestamp":"2026-04-13T19:08:56.557010Z","level":"info","event":"Filling up the DagBag from /opt/airflow/dags/dagVersioning.py","logger":"airflow.dag_processing.dagbag.BundleDagBag","filename":"dagbag.py","lineno":469}
{"timestamp":"2026-04-13T19:09:27.721565Z","level":"info","event":"Filling up the DagBag from /opt/airflow/dags/dagVersioning.py","logger":"airflow.dag_processing.dagbag.BundleDagBag","filename":"dagbag.py","lineno":469}
{"timestamp":"2026-04-13T19:09:58.902084Z","level":"info","event":"Filling up the DagBag from /opt/airflow/dags/dagVersioning.py","logger":"airflow.dag_processing.dagbag.BundleDagBag","filename":"dagbag.py","lineno":469}
{"timestamp":"2026-04-13T19:10:29.515925Z","level":"info","event":"Filling up the DagBag from /opt/airflow/dags/dagVersioning.py","logger":"airflow.dag_processing.dagbag.BundleDagBag","filename":"dagbag.py","lineno":469}
{"timestamp":"2026-04-13T19:11:00.104215Z","level":"info","event":"Filling up the DagBag from /opt/airflow/dags/dagVersioning.py","logger":"airflow.dag_processing.dagbag.BundleDagBag","filename":"dagbag.py","lineno":469}
{"timestamp":"2026-04-13T19:11:30.912723Z","level":"info","event":"Filling up the DagBag from /opt/airflow/dags/dagVersioning.py","logger":"airflow.dag_processing.dagbag.BundleDagBag","filename":"dagbag.py","lineno":469}
{"timestamp":"2026-04-13T19:12:01.680956Z","level":"info","event":"Filling up the DagBag from /opt/airflow/dags/dagVersioning.py","logger":"airflow.dag_processing.dagbag.BundleDagBag","filename":"dagbag.py","lineno":469}
{"timestamp":"2026-04-13T19:12:32.319898Z","level":"info","event":"Filling up the DagBag from /opt/airflow/dags/dagVersioning.py","logger":"airflow.dag_processing.dagbag.BundleDagBag","filename":"dagbag.py","lineno":469}
{"timestamp":"2026-04-13T19:13:03.170328Z","level":"info","event":"Filling up the DagBag from /opt/airflow/dags/dagVersioning.py","logger":"airflow.dag_processing.dagbag.BundleDagBag","filename":"dagbag.py","lineno":469}
{"timestamp":"2026-04-13T19:13:33.456826Z","level":"info","event":"Filling up the DagBag from /opt/airflow/dags/dagVersioning.py","logger":"airflow.dag_processing.dagbag.BundleDagBag","filename":"dagbag.py","lineno":469}
{"timestamp":"2026-04-13T19:14:04.714462Z","level":"info","event":"Filling up the DagBag from /opt/airflow/dags/dagVersioning.py","logger":"airflow.dag_processing.dagbag.BundleDagBag","filename":"dagbag.py","lineno":469}
{"timestamp":"2026-04-13T19:14:35.269559Z","level":"info","event":"Filling up the DagBag from /opt/airflow/dags/dagVersioning.py","logger":"airflow.dag_processing.dagbag.BundleDagBag","filename":"dagbag.py","lineno":469}
{"timestamp":"2026-04-13T19:15:05.852596Z","level":"info","event":"Filling up the DagBag from /opt/airflow/dags/dagVersioning.py","logger":"airflow.dag_processing.dagbag.BundleDagBag","filename":"dagbag.py","lineno":469}
{"timestamp":"2026-04-13T19:15:36.819135Z","level":"info","event":"Filling up the DagBag from /opt/airflow/dags/dagVersioning.py","logger":"airflow.dag_processing.dagbag.BundleDagBag","filename":"dagbag.py","lineno":469}
{"timestamp":"2026-04-13T19:16:07.473959Z","level":"info","event":"Filling up the DagBag from /opt/airflow/dags/dagVersioning.py","logger":"airflow.dag_processing.dagbag.BundleDagBag","filename":"dagbag.py","lineno":469}
{"timestamp":"2026-04-13T19:16:38.249706Z","level":"info","event":"Filling up the DagBag from /opt/airflow/dags/dagVersioning.py","logger":"airflow.dag_processing.dagbag.BundleDagBag","filename":"dagbag.py","lineno":469}
{"timestamp":"2026-04-13T19:17:08.760883Z","level":"info","event":"Filling up the DagBag from /opt/airflow/dags/dagVersioning.py","logger":"airflow.dag_processing.dagbag.BundleDagBag","filename":"dagbag.py","lineno":469}
{"timestamp":"2026-04-13T19:17:39.225769Z","level":"info","event":"Filling up the DagBag from /opt/airflow/dags/dagVersioning.py","logger":"airflow.dag_processing.dagbag.BundleDagBag","filename":"dagbag.py","lineno":469}
{"timestamp":"2026-04-13T19:18:10.269502Z","level":"info","event":"Filling up the DagBag from /opt/airflow/dags/dagVersioning.py","logger":"airflow.dag_processing.dagbag.BundleDagBag","filename":"dagbag.py","lineno":469}
{"timestamp":"2026-04-13T19:18:41.339499Z","level":"info","event":"Filling up the DagBag from /opt/airflow/dags/dagVersioning.py","logger":"airflow.dag_processing.dagbag.BundleDagBag","filename":"dagbag.py","lineno":469}
{"timestamp":"2026-04-13T19:19:12.501727Z","level":"info","event":"Filling up the DagBag from /opt/airflow/dags/dagVersioning.py","logger":"airflow.dag_processing.dagbag.BundleDagBag","filename":"dagbag.py","lineno":469}
{"timestamp":"2026-04-13T19:19:43.570355Z","level":"info","event":"Filling up the DagBag from /opt/airflow/dags/dagVersioning.py","logger":"airflow.dag_processing.dagbag.BundleDagBag","filename":"dagbag.py","lineno":469}
{"timestamp":"2026-04-13T19:20:15.056892Z","level":"info","event":"Filling up the DagBag from /opt/airflow/dags/dagVersioning.py","logger":"airflow.dag_processing.dagbag.BundleDagBag","filename":"dagbag.py","lineno":469}
{"timestamp":"2026-04-13T19:20:45.759413Z","level":"info","event":"Filling up the DagBag from /opt/airflow/dags/dagVersioning.py","logger":"airflow.dag_processing.dagbag.BundleDagBag","filename":"dagbag.py","lineno":469}
{"timestamp":"2026-04-13T19:21:16.702027Z","level":"info","event":"Filling up the DagBag from /opt/airflow/dags/dagVersioning.py","logger":"airflow.dag_processing.dagbag.BundleDagBag","filename":"dagbag.py","lineno":469}
{"timestamp":"2026-04-13T19:21:47.283771Z","level":"info","event":"Filling up the DagBag from /opt/airflow/dags/dagVersioning.py","logger":"airflow.dag_processing.dagbag.BundleDagBag","filename":"dagbag.py","lineno":469}
{"timestamp":"2026-04-13T19:22:18.335511Z","level":"info","event":"Filling up the DagBag from /opt/airflow/dags/dagVersioning.py","logger":"airflow.dag_processing.dagbag.BundleDagBag","filename":"dagbag.py","lineno":469}
{"timestamp":"2026-04-13T19:22:49.068915Z","level":"info","event":"Filling up the DagBag from /opt/airflow/dags/dagVersioning.py","logger":"airflow.dag_processing.dagbag.BundleDagBag","filename":"dagbag.py","lineno":469}
{"timestamp":"2026-04-13T19:23:19.781346Z","level":"info","event":"Filling up the DagBag from /opt/airflow/dags/dagVersioning.py","logger":"airflow.dag_processing.dagbag.BundleDagBag","filename":"dagbag.py","lineno":469}
{"timestamp":"2026-04-13T19:23:50.643795Z","level":"info","event":"Filling up the DagBag from /opt/airflow/dags/dagVersioning.py","logger":"airflow.dag_processing.dagbag.BundleDagBag","filename":"dagbag.py","lineno":469}
{"timestamp":"2026-04-13T19:24:21.203370Z","level":"info","event":"Filling up the DagBag from /opt/airflow/dags/dagVersioning.py","logger":"airflow.dag_processing.dagbag.BundleDagBag","filename":"dagbag.py","lineno":469}
{"timestamp":"2026-04-13T19:24:51.964839Z","level":"info","event":"Filling up the DagBag from /opt/airflow/dags/dagVersioning.py","logger":"airflow.dag_processing.dagbag.BundleDagBag","filename":"dagbag.py","lineno":469}
{"timestamp":"2026-04-13T19:25:22.623608Z","level":"info","event":"Filling up the DagBag from /opt/airflow/dags/dagVersioning.py","logger":"airflow.dag_processing.dagbag.BundleDagBag","filename":"dagbag.py","lineno":469}
{"timestamp":"2026-04-13T19:25:54.074132Z","level":"info","event":"Filling up the DagBag from /opt/airflow/dags/dagVersioning.py","logger":"airflow.dag_processing.dagbag.BundleDagBag","filename":"dagbag.py","lineno":469}
{"timestamp":"2026-04-13T19:26:25.013262Z","level":"info","event":"Filling up the DagBag from /opt/airflow/dags/dagVersioning.py","logger":"airflow.dag_processing.dagbag.BundleDagBag","filename":"dagbag.py","lineno":469}
{"timestamp":"2026-04-13T19:26:55.338301Z","level":"info","event":"Filling up the DagBag from /opt/airflow/dags/dagVersioning.py","logger":"airflow.dag_processing.dagbag.BundleDagBag","filename":"dagbag.py","lineno":469}
{"timestamp":"2026-04-13T19:27:25.927465Z","level":"info","event":"Filling up the DagBag from /opt/airflow/dags/dagVersioning.py","logger":"airflow.dag_processing.dagbag.BundleDagBag","filename":"dagbag.py","lineno":469}
{"timestamp":"2026-04-13T19:27:57.041612Z","level":"info","event":"Filling up the DagBag from /opt/airflow/dags/dagVersioning.py","logger":"airflow.dag_processing.dagbag.BundleDagBag","filename":"dagbag.py","lineno":469}
{"timestamp":"2026-04-13T19:28:29.194846Z","level":"info","event":"Filling up the DagBag from /opt/airflow/dags/dagVersioning.py","logger":"airflow.dag_processing.dagbag.BundleDagBag","filename":"dagbag.py","lineno":469}
{"timestamp":"2026-04-13T19:28:59.909315Z","level":"info","event":"Filling up the DagBag from /opt/airflow/dags/dagVersioning.py","logger":"airflow.dag_processing.dagbag.BundleDagBag","filename":"dagbag.py","lineno":469}
{"timestamp":"2026-04-13T19:29:31.201594Z","level":"info","event":"Filling up the DagBag from /opt/airflow/dags/dagVersioning.py","logger":"airflow.dag_processing.dagbag.BundleDagBag","filename":"dagbag.py","lineno":469}
{"timestamp":"2026-04-13T19:30:01.707012Z","level":"info","event":"Filling up the DagBag from /opt/airflow/dags/dagVersioning.py","logger":"airflow.dag_processing.dagbag.BundleDagBag","filename":"dagbag.py","lineno":469}
{"timestamp":"2026-04-13T19:30:32.808800Z","level":"info","event":"Filling up the DagBag from /opt/airflow/dags/dagVersioning.py","logger":"airflow.dag_processing.dagbag.BundleDagBag","filename":"dagbag.py","lineno":469}
{"timestamp":"2026-04-13T19:31:03.128804Z","level":"info","event":"Filling up the DagBag from /opt/airflow/dags/dagVersioning.py","logger":"airflow.dag_processing.dagbag.BundleDagBag","filename":"dagbag.py","lineno":469}
{"timestamp":"2026-04-13T19:31:34.275894Z","level":"info","event":"Filling up the DagBag from /opt/airflow/dags/dagVersioning.py","logger":"airflow.dag_processing.dagbag.BundleDagBag","filename":"dagbag.py","lineno":469}
{"timestamp":"2026-04-13T19:32:05.366343Z","level":"info","event":"Filling up the DagBag from /opt/airflow/dags/dagVersioning.py","logger":"airflow.dag_processing.dagbag.BundleDagBag","filename":"dagbag.py","lineno":469}
{"timestamp":"2026-04-13T19:32:36.231985Z","level":"info","event":"Filling up the DagBag from /opt/airflow/dags/dagVersioning.py","logger":"airflow.dag_processing.dagbag.BundleDagBag","filename":"dagbag.py","lineno":469}
{"timestamp":"2026-04-13T19:33:07.087011Z","level":"info","event":"Filling up the DagBag from /opt/airflow/dags/dagVersioning.py","logger":"airflow.dag_processing.dagbag.BundleDagBag","filename":"dagbag.py","lineno":469}
{"timestamp":"2026-04-13T19:33:38.489457Z","level":"info","event":"Filling up the DagBag from /opt/airflow/dags/dagVersioning.py","logger":"airflow.dag_processing.dagbag.BundleDagBag","filename":"dagbag.py","lineno":469}
{"timestamp":"2026-04-13T19:34:09.348834Z","level":"info","event":"Filling up the DagBag from /opt/airflow/dags/dagVersioning.py","logger":"airflow.dag_processing.dagbag.BundleDagBag","filename":"dagbag.py","lineno":469}
{"timestamp":"2026-04-13T19:34:40.213505Z","level":"info","event":"Filling up the DagBag from /opt/airflow/dags/dagVersioning.py","logger":"airflow.dag_processing.dagbag.BundleDagBag","filename":"dagbag.py","lineno":469}
{"timestamp":"2026-04-13T19:35:11.070701Z","level":"info","event":"Filling up the DagBag from /opt/airflow/dags/dagVersioning.py","logger":"airflow.dag_processing.dagbag.BundleDagBag","filename":"dagbag.py","lineno":469}
{"timestamp":"2026-04-13T19:35:42.131809Z","level":"info","event":"Filling up the DagBag from /opt/airflow/dags/dagVersioning.py","logger":"airflow.dag_processing.dagbag.BundleDagBag","filename":"dagbag.py","lineno":469}
